<?xml version="1.0" ?>
<!DOCTYPE coverage SYSTEM "http://cobertura.sourceforge.net/xml/coverage-04.dtd">
<coverage lines-valid="213"  lines-covered="211"  line-rate="0.9906"  branches-valid="110"  branches-covered="105"  branch-rate="0.9545"  timestamp="1574934455020" complexity="0" version="0.1">
<sources>
	<source>/home/luca/Public/github.com/redhat-developer/openshift-actions</source>
</sources>
<packages>
	<package name="src"  line-rate="0.9906"  branch-rate="0.9545" >
	<classes>
		<class name="auth.js"  filename="lib/src/auth.js"  line-rate="0.9608"  branch-rate="0.9091" >
		<methods>
			<method name="(anonymous_1)"  hits="11"  signature="()V" >
				<lines><line number="2"  hits="11" /></lines>
			</method>
			<method name="adopt"  hits="5"  signature="()V" >
				<lines><line number="3"  hits="5" /></lines>
			</method>
			<method name="(anonymous_3)"  hits="0"  signature="()V" >
				<lines><line number="3"  hits="0" /></lines>
			</method>
			<method name="(anonymous_4)"  hits="11"  signature="()V" >
				<lines><line number="4"  hits="11" /></lines>
			</method>
			<method name="fulfilled"  hits="5"  signature="()V" >
				<lines><line number="5"  hits="5" /></lines>
			</method>
			<method name="rejected"  hits="0"  signature="()V" >
				<lines><line number="6"  hits="0" /></lines>
			</method>
			<method name="step"  hits="16"  signature="()V" >
				<lines><line number="7"  hits="16" /></lines>
			</method>
			<method name="(anonymous_8)"  hits="5"  signature="()V" >
				<lines><line number="16"  hits="5" /></lines>
			</method>
			<method name="(anonymous_9)"  hits="5"  signature="()V" >
				<lines><line number="17"  hits="5" /></lines>
			</method>
			<method name="(anonymous_10)"  hits="6"  signature="()V" >
				<lines><line number="42"  hits="6" /></lines>
			</method>
			<method name="(anonymous_11)"  hits="6"  signature="()V" >
				<lines><line number="43"  hits="6" /></lines>
			</method>
			<method name="(anonymous_12)"  hits="2"  signature="()V" >
				<lines><line number="76"  hits="2" /></lines>
			</method>
			<method name="(anonymous_13)"  hits="3"  signature="()V" >
				<lines><line number="83"  hits="3" /></lines>
			</method>
		</methods>
		<lines>
			<line number="2"  hits="1"  branch="true"  condition-coverage="100% (3/3)" />
			<line number="3"  hits="5"  branch="true"  condition-coverage="50% (1/2)" />
			<line number="4"  hits="11"  branch="true"  condition-coverage="100% (2/2)" />
			<line number="5"  hits="5"  branch="false" />
			<line number="6"  hits="1"  branch="false" />
			<line number="7"  hits="16"  branch="true"  condition-coverage="100% (2/2)" />
			<line number="8"  hits="11"  branch="true"  condition-coverage="100% (2/2)" />
			<line number="11"  hits="1"  branch="false" />
			<line number="12"  hits="1"  branch="false" />
			<line number="13"  hits="1"  branch="false" />
			<line number="14"  hits="1"  branch="false" />
			<line number="17"  hits="5"  branch="false" />
			<line number="18"  hits="5"  branch="true"  condition-coverage="100% (2/2)" />
			<line number="19"  hits="1"  branch="false" />
			<line number="21"  hits="4"  branch="true"  condition-coverage="100% (2/2)" />
			<line number="22"  hits="1"  branch="false" />
			<line number="24"  hits="3"  branch="false" />
			<line number="25"  hits="3"  branch="false" />
			<line number="26"  hits="3"  branch="true"  condition-coverage="100% (4/4)" />
			<line number="27"  hits="1"  branch="false" />
			<line number="29"  hits="2"  branch="true"  condition-coverage="100% (2/2)" />
			<line number="30"  hits="1"  branch="false" />
			<line number="33"  hits="1"  branch="false" />
			<line number="35"  hits="2"  branch="false" />
			<line number="43"  hits="6"  branch="false" />
			<line number="44"  hits="6"  branch="true"  condition-coverage="100% (2/2)" />
			<line number="45"  hits="1"  branch="false" />
			<line number="46"  hits="1"  branch="false" />
			<line number="53"  hits="5"  branch="false" />
			<line number="54"  hits="5"  branch="false" />
			<line number="55"  hits="5"  branch="true"  condition-coverage="100% (2/2)" />
			<line number="56"  hits="3"  branch="false" />
			<line number="58"  hits="5"  branch="true"  condition-coverage="50% (2/4)" />
			<line number="60"  hits="4"  branch="false" />
			<line number="61"  hits="4"  branch="false" />
			<line number="62"  hits="4"  branch="false" />
			<line number="63"  hits="4"  branch="false" />
			<line number="65"  hits="1"  branch="false" />
			<line number="66"  hits="1"  branch="false" />
			<line number="67"  hits="1"  branch="false" />
			<line number="70"  hits="0"  branch="false" />
			<line number="72"  hits="0"  branch="false" />
			<line number="77"  hits="2"  branch="false" />
			<line number="78"  hits="2"  branch="true"  condition-coverage="100% (2/2)" />
			<line number="79"  hits="1"  branch="false" />
			<line number="81"  hits="2"  branch="false" />
			<line number="84"  hits="3"  branch="false" />
			<line number="85"  hits="3"  branch="true"  condition-coverage="100% (2/2)" />
			<line number="86"  hits="1"  branch="false" />
			<line number="88"  hits="3"  branch="false" />
			<line number="91"  hits="1"  branch="false" />
		</lines>
		</class>
		<class name="command.js"  filename="lib/src/command.js"  line-rate="1"  branch-rate="1" >
		<methods>
			<method name="(anonymous_1)"  hits="8"  signature="()V" >
				<lines><line number="2"  hits="8" /></lines>
			</method>
			<method name="adopt"  hits="4"  signature="()V" >
				<lines><line number="3"  hits="4" /></lines>
			</method>
			<method name="(anonymous_3)"  hits="1"  signature="()V" >
				<lines><line number="3"  hits="1" /></lines>
			</method>
			<method name="(anonymous_4)"  hits="8"  signature="()V" >
				<lines><line number="4"  hits="8" /></lines>
			</method>
			<method name="fulfilled"  hits="4"  signature="()V" >
				<lines><line number="5"  hits="4" /></lines>
			</method>
			<method name="rejected"  hits="0"  signature="()V" >
				<lines><line number="6"  hits="0" /></lines>
			</method>
			<method name="step"  hits="12"  signature="()V" >
				<lines><line number="7"  hits="12" /></lines>
			</method>
			<method name="(anonymous_8)"  hits="4"  signature="()V" >
				<lines><line number="16"  hits="4" /></lines>
			</method>
			<method name="(anonymous_9)"  hits="4"  signature="()V" >
				<lines><line number="17"  hits="4" /></lines>
			</method>
			<method name="(anonymous_10)"  hits="4"  signature="()V" >
				<lines><line number="25"  hits="4" /></lines>
			</method>
			<method name="(anonymous_11)"  hits="4"  signature="()V" >
				<lines><line number="26"  hits="4" /></lines>
			</method>
		</methods>
		<lines>
			<line number="2"  hits="1"  branch="true"  condition-coverage="100% (3/3)" />
			<line number="3"  hits="4"  branch="true"  condition-coverage="100% (2/2)" />
			<line number="4"  hits="8"  branch="true"  condition-coverage="100% (2/2)" />
			<line number="5"  hits="4"  branch="false" />
			<line number="6"  hits="1"  branch="false" />
			<line number="7"  hits="12"  branch="true"  condition-coverage="100% (2/2)" />
			<line number="8"  hits="8"  branch="true"  condition-coverage="100% (2/2)" />
			<line number="11"  hits="1"  branch="false" />
			<line number="12"  hits="1"  branch="false" />
			<line number="13"  hits="1"  branch="false" />
			<line number="14"  hits="1"  branch="false" />
			<line number="17"  hits="4"  branch="false" />
			<line number="18"  hits="4"  branch="true"  condition-coverage="100% (2/2)" />
			<line number="19"  hits="2"  branch="false" />
			<line number="21"  hits="2"  branch="false" />
			<line number="22"  hits="2"  branch="false" />
			<line number="26"  hits="4"  branch="false" />
			<line number="27"  hits="4"  branch="false" />
			<line number="28"  hits="4"  branch="false" />
			<line number="29"  hits="4"  branch="true"  condition-coverage="100% (4/4)" />
			<line number="30"  hits="3"  branch="false" />
			<line number="32"  hits="4"  branch="false" />
			<line number="36"  hits="1"  branch="false" />
		</lines>
		</class>
		<class name="constants.js"  filename="lib/src/constants.js"  line-rate="1"  branch-rate="1" >
		<methods>
		</methods>
		<lines>
			<line number="2"  hits="1"  branch="false" />
			<line number="3"  hits="1"  branch="false" />
			<line number="4"  hits="1"  branch="false" />
			<line number="5"  hits="1"  branch="false" />
			<line number="6"  hits="1"  branch="false" />
			<line number="7"  hits="1"  branch="false" />
			<line number="8"  hits="1"  branch="false" />
			<line number="9"  hits="1"  branch="false" />
			<line number="10"  hits="1"  branch="false" />
			<line number="11"  hits="1"  branch="false" />
			<line number="12"  hits="1"  branch="false" />
		</lines>
		</class>
		<class name="installer.js"  filename="lib/src/installer.js"  line-rate="1"  branch-rate="0.9556" >
		<methods>
			<method name="(anonymous_1)"  hits="25"  signature="()V" >
				<lines><line number="2"  hits="25" /></lines>
			</method>
			<method name="adopt"  hits="35"  signature="()V" >
				<lines><line number="3"  hits="35" /></lines>
			</method>
			<method name="(anonymous_3)"  hits="0"  signature="()V" >
				<lines><line number="3"  hits="0" /></lines>
			</method>
			<method name="(anonymous_4)"  hits="25"  signature="()V" >
				<lines><line number="4"  hits="25" /></lines>
			</method>
			<method name="fulfilled"  hits="35"  signature="()V" >
				<lines><line number="5"  hits="35" /></lines>
			</method>
			<method name="rejected"  hits="0"  signature="()V" >
				<lines><line number="6"  hits="0" /></lines>
			</method>
			<method name="step"  hits="60"  signature="()V" >
				<lines><line number="7"  hits="60" /></lines>
			</method>
			<method name="(anonymous_8)"  hits="6"  signature="()V" >
				<lines><line number="20"  hits="6" /></lines>
			</method>
			<method name="(anonymous_9)"  hits="6"  signature="()V" >
				<lines><line number="21"  hits="6" /></lines>
			</method>
			<method name="(anonymous_10)"  hits="6"  signature="()V" >
				<lines><line number="43"  hits="6" /></lines>
			</method>
			<method name="(anonymous_11)"  hits="6"  signature="()V" >
				<lines><line number="44"  hits="6" /></lines>
			</method>
			<method name="(anonymous_12)"  hits="6"  signature="()V" >
				<lines><line number="68"  hits="6" /></lines>
			</method>
			<method name="(anonymous_13)"  hits="6"  signature="()V" >
				<lines><line number="69"  hits="6" /></lines>
			</method>
			<method name="(anonymous_14)"  hits="2"  signature="()V" >
				<lines><line number="104"  hits="2" /></lines>
			</method>
			<method name="(anonymous_15)"  hits="2"  signature="()V" >
				<lines><line number="105"  hits="2" /></lines>
			</method>
			<method name="(anonymous_16)"  hits="4"  signature="()V" >
				<lines><line number="117"  hits="4" /></lines>
			</method>
			<method name="(anonymous_17)"  hits="4"  signature="()V" >
				<lines><line number="118"  hits="4" /></lines>
			</method>
			<method name="(anonymous_18)"  hits="1"  signature="()V" >
				<lines><line number="141"  hits="1" /></lines>
			</method>
			<method name="(anonymous_19)"  hits="1"  signature="()V" >
				<lines><line number="142"  hits="1" /></lines>
			</method>
		</methods>
		<lines>
			<line number="2"  hits="1"  branch="true"  condition-coverage="100% (3/3)" />
			<line number="3"  hits="35"  branch="true"  condition-coverage="50% (1/2)" />
			<line number="4"  hits="25"  branch="true"  condition-coverage="100% (2/2)" />
			<line number="5"  hits="35"  branch="false" />
			<line number="6"  hits="1"  branch="false" />
			<line number="7"  hits="60"  branch="true"  condition-coverage="100% (2/2)" />
			<line number="8"  hits="25"  branch="true"  condition-coverage="100% (2/2)" />
			<line number="11"  hits="1"  branch="false" />
			<line number="12"  hits="1"  branch="false" />
			<line number="13"  hits="1"  branch="false" />
			<line number="14"  hits="1"  branch="false" />
			<line number="15"  hits="1"  branch="false" />
			<line number="16"  hits="1"  branch="false" />
			<line number="17"  hits="1"  branch="false" />
			<line number="18"  hits="1"  branch="false" />
			<line number="21"  hits="6"  branch="false" />
			<line number="22"  hits="6"  branch="true"  condition-coverage="100% (2/2)" />
			<line number="23"  hits="1"  branch="false" />
			<line number="25"  hits="5"  branch="false" />
			<line number="26"  hits="5"  branch="true"  condition-coverage="100% (2/2)" />
			<line number="27"  hits="1"  branch="false" />
			<line number="30"  hits="4"  branch="false" />
			<line number="32"  hits="5"  branch="true"  condition-coverage="100% (2/2)" />
			<line number="33"  hits="1"  branch="false" />
			<line number="35"  hits="4"  branch="false" />
			<line number="36"  hits="4"  branch="false" />
			<line number="37"  hits="4"  branch="true"  condition-coverage="100% (2/2)" />
			<line number="38"  hits="1"  branch="false" />
			<line number="40"  hits="3"  branch="false" />
			<line number="44"  hits="6"  branch="false" />
			<line number="45"  hits="6"  branch="true"  condition-coverage="100% (2/2)" />
			<line number="46"  hits="1"  branch="false" />
			<line number="48"  hits="5"  branch="false" />
			<line number="49"  hits="5"  branch="false" />
			<line number="50"  hits="5"  branch="false" />
			<line number="51"  hits="5"  branch="true"  condition-coverage="100% (2/2)" />
			<line number="52"  hits="2"  branch="false" />
			<line number="53"  hits="2"  branch="false" />
			<line number="56"  hits="3"  branch="false" />
			<line number="57"  hits="3"  branch="false" />
			<line number="59"  hits="5"  branch="true"  condition-coverage="100% (2/2)" />
			<line number="60"  hits="3"  branch="false" />
			<line number="63"  hits="2"  branch="false" />
			<line number="64"  hits="2"  branch="false" />
			<line number="69"  hits="6"  branch="false" />
			<line number="70"  hits="6"  branch="false" />
			<line number="71"  hits="6"  branch="true"  condition-coverage="100% (2/2)" />
			<line number="72"  hits="1"  branch="false" />
			<line number="73"  hits="1"  branch="false" />
			<line number="76"  hits="5"  branch="false" />
			<line number="77"  hits="5"  branch="false" />
			<line number="78"  hits="5"  branch="true"  condition-coverage="100% (4/4)" />
			<line number="79"  hits="1"  branch="false" />
			<line number="80"  hits="1"  branch="false" />
			<line number="82"  hits="4"  branch="false" />
			<line number="83"  hits="4"  branch="false" />
			<line number="84"  hits="4"  branch="true"  condition-coverage="100% (2/2)" />
			<line number="85"  hits="1"  branch="false" />
			<line number="87"  hits="3"  branch="true"  condition-coverage="100% (2/2)" />
			<line number="88"  hits="2"  branch="false" />
			<line number="91"  hits="1"  branch="false" />
			<line number="92"  hits="1"  branch="false" />
			<line number="94"  hits="3"  branch="false" />
			<line number="95"  hits="3"  branch="true"  condition-coverage="100% (2/2)" />
			<line number="96"  hits="1"  branch="false" />
			<line number="97"  hits="1"  branch="false" />
			<line number="99"  hits="2"  branch="false" />
			<line number="100"  hits="2"  branch="false" />
			<line number="101"  hits="2"  branch="false" />
			<line number="105"  hits="2"  branch="false" />
			<line number="106"  hits="2"  branch="false" />
			<line number="107"  hits="2"  branch="true"  condition-coverage="100% (2/2)" />
			<line number="108"  hits="1"  branch="false" />
			<line number="109"  hits="1"  branch="false" />
			<line number="111"  hits="1"  branch="false" />
			<line number="112"  hits="1"  branch="false" />
			<line number="113"  hits="1"  branch="false" />
			<line number="114"  hits="1"  branch="false" />
			<line number="118"  hits="4"  branch="false" />
			<line number="119"  hits="4"  branch="false" />
			<line number="121"  hits="4"  branch="true"  condition-coverage="100% (4/4)" />
			<line number="123"  hits="1"  branch="false" />
			<line number="124"  hits="1"  branch="false" />
			<line number="127"  hits="1"  branch="false" />
			<line number="128"  hits="1"  branch="false" />
			<line number="131"  hits="1"  branch="false" />
			<line number="132"  hits="1"  branch="false" />
			<line number="135"  hits="1"  branch="false" />
			<line number="138"  hits="3"  branch="false" />
			<line number="142"  hits="1"  branch="false" />
			<line number="143"  hits="1"  branch="true"  condition-coverage="50% (1/2)" />
			<line number="144"  hits="1"  branch="false" />
			<line number="145"  hits="1"  branch="false" />
			<line number="149"  hits="1"  branch="false" />
		</lines>
		</class>
		<class name="ocExec.js"  filename="lib/src/ocExec.js"  line-rate="1"  branch-rate="1" >
		<methods>
			<method name="(anonymous_1)"  hits="7"  signature="()V" >
				<lines><line number="2"  hits="7" /></lines>
			</method>
			<method name="adopt"  hits="18"  signature="()V" >
				<lines><line number="3"  hits="18" /></lines>
			</method>
			<method name="(anonymous_3)"  hits="9"  signature="()V" >
				<lines><line number="3"  hits="9" /></lines>
			</method>
			<method name="(anonymous_4)"  hits="7"  signature="()V" >
				<lines><line number="4"  hits="7" /></lines>
			</method>
			<method name="fulfilled"  hits="18"  signature="()V" >
				<lines><line number="5"  hits="18" /></lines>
			</method>
			<method name="rejected"  hits="0"  signature="()V" >
				<lines><line number="6"  hits="0" /></lines>
			</method>
			<method name="step"  hits="24"  signature="()V" >
				<lines><line number="7"  hits="24" /></lines>
			</method>
			<method name="run"  hits="7"  signature="()V" >
				<lines><line number="16"  hits="7" /></lines>
			</method>
			<method name="(anonymous_9)"  hits="7"  signature="()V" >
				<lines><line number="17"  hits="7" /></lines>
			</method>
		</methods>
		<lines>
			<line number="2"  hits="1"  branch="true"  condition-coverage="100% (3/3)" />
			<line number="3"  hits="18"  branch="true"  condition-coverage="100% (2/2)" />
			<line number="4"  hits="7"  branch="true"  condition-coverage="100% (2/2)" />
			<line number="5"  hits="18"  branch="false" />
			<line number="6"  hits="1"  branch="false" />
			<line number="7"  hits="24"  branch="true"  condition-coverage="100% (2/2)" />
			<line number="8"  hits="7"  branch="true"  condition-coverage="100% (2/2)" />
			<line number="11"  hits="1"  branch="false" />
			<line number="12"  hits="1"  branch="false" />
			<line number="13"  hits="1"  branch="false" />
			<line number="14"  hits="1"  branch="false" />
			<line number="15"  hits="1"  branch="false" />
			<line number="16"  hits="1"  branch="false" />
			<line number="17"  hits="7"  branch="false" />
			<line number="18"  hits="7"  branch="false" />
			<line number="19"  hits="7"  branch="false" />
			<line number="20"  hits="7"  branch="false" />
			<line number="21"  hits="7"  branch="false" />
			<line number="22"  hits="7"  branch="false" />
			<line number="23"  hits="7"  branch="false" />
			<line number="24"  hits="7"  branch="false" />
			<line number="25"  hits="7"  branch="false" />
			<line number="26"  hits="7"  branch="true"  condition-coverage="100% (2/2)" />
			<line number="27"  hits="2"  branch="false" />
			<line number="29"  hits="5"  branch="false" />
			<line number="30"  hits="5"  branch="false" />
			<line number="31"  hits="5"  branch="true"  condition-coverage="100% (2/2)" />
			<line number="32"  hits="1"  branch="false" />
			<line number="34"  hits="4"  branch="false" />
			<line number="35"  hits="4"  branch="false" />
			<line number="36"  hits="4"  branch="false" />
			<line number="37"  hits="5"  branch="false" />
			<line number="41"  hits="1"  branch="false" />
			<line number="42"  hits="1"  branch="false" />
		</lines>
		</class>
	</classes>
	</package>
</packages>
</coverage>
