{"/home/luca/Public/github.com/redhat-developer/openshift-actions/lib/src/command.js":{"path":"/home/luca/Public/github.com/redhat-developer/openshift-actions/lib/src/command.js","s":{"1":1,"2":1,"3":4,"4":1,"5":8,"6":1,"7":4,"8":4,"9":0,"10":1,"11":0,"12":0,"13":0,"14":1,"15":12,"16":8,"17":1,"18":1,"19":1,"20":1,"21":4,"22":4,"23":2,"24":2,"25":2,"26":4,"27":4,"28":4,"29":4,"30":3,"31":4,"32":1},"b":{"1":[1,1,1],"2":[3,1],"3":[8,8],"4":[8,4],"5":[8,8],"6":[2,2],"7":[3,1],"8":[4,2]},"f":{"1":8,"2":4,"3":1,"4":8,"5":4,"6":0,"7":12,"8":4,"9":4,"10":4,"11":4},"fnMap":{"1":{"name":"(anonymous_1)","line":2,"loc":{"start":{"line":2,"column":44},"end":{"line":2,"column":89}}},"2":{"name":"adopt","line":3,"loc":{"start":{"line":3,"column":4},"end":{"line":3,"column":26}}},"3":{"name":"(anonymous_3)","line":3,"loc":{"start":{"line":3,"column":70},"end":{"line":3,"column":89}}},"4":{"name":"(anonymous_4)","line":4,"loc":{"start":{"line":4,"column":36},"end":{"line":4,"column":63}}},"5":{"name":"fulfilled","line":5,"loc":{"start":{"line":5,"column":8},"end":{"line":5,"column":34}}},"6":{"name":"rejected","line":6,"loc":{"start":{"line":6,"column":8},"end":{"line":6,"column":33}}},"7":{"name":"step","line":7,"loc":{"start":{"line":7,"column":8},"end":{"line":7,"column":30}}},"8":{"name":"(anonymous_8)","line":16,"loc":{"start":{"line":16,"column":18},"end":{"line":16,"column":33}}},"9":{"name":"(anonymous_9)","line":17,"loc":{"start":{"line":17,"column":47},"end":{"line":17,"column":60}}},"10":{"name":"(anonymous_10)","line":25,"loc":{"start":{"line":25,"column":24},"end":{"line":25,"column":33}}},"11":{"name":"(anonymous_11)","line":26,"loc":{"start":{"line":26,"column":47},"end":{"line":26,"column":60}}}},"statementMap":{"1":{"start":{"line":2,"column":0},"end":{"line":10,"column":2}},"2":{"start":{"line":3,"column":4},"end":{"line":3,"column":112}},"3":{"start":{"line":3,"column":28},"end":{"line":3,"column":110}},"4":{"start":{"line":3,"column":91},"end":{"line":3,"column":106}},"5":{"start":{"line":4,"column":4},"end":{"line":9,"column":7}},"6":{"start":{"line":5,"column":8},"end":{"line":5,"column":99}},"7":{"start":{"line":5,"column":36},"end":{"line":5,"column":97}},"8":{"start":{"line":5,"column":42},"end":{"line":5,"column":70}},"9":{"start":{"line":5,"column":85},"end":{"line":5,"column":95}},"10":{"start":{"line":6,"column":8},"end":{"line":6,"column":102}},"11":{"start":{"line":6,"column":35},"end":{"line":6,"column":100}},"12":{"start":{"line":6,"column":41},"end":{"line":6,"column":73}},"13":{"start":{"line":6,"column":88},"end":{"line":6,"column":98}},"14":{"start":{"line":7,"column":8},"end":{"line":7,"column":118}},"15":{"start":{"line":7,"column":32},"end":{"line":7,"column":116}},"16":{"start":{"line":8,"column":8},"end":{"line":8,"column":78}},"17":{"start":{"line":11,"column":0},"end":{"line":11,"column":62}},"18":{"start":{"line":12,"column":0},"end":{"line":12,"column":38}},"19":{"start":{"line":13,"column":0},"end":{"line":13,"column":36}},"20":{"start":{"line":14,"column":0},"end":{"line":14,"column":35}},"21":{"start":{"line":17,"column":8},"end":{"line":23,"column":11}},"22":{"start":{"line":18,"column":12},"end":{"line":20,"column":13}},"23":{"start":{"line":19,"column":16},"end":{"line":19,"column":66}},"24":{"start":{"line":21,"column":12},"end":{"line":21,"column":62}},"25":{"start":{"line":22,"column":12},"end":{"line":22,"column":59}},"26":{"start":{"line":26,"column":8},"end":{"line":33,"column":11}},"27":{"start":{"line":27,"column":12},"end":{"line":27,"column":62}},"28":{"start":{"line":28,"column":12},"end":{"line":28,"column":47}},"29":{"start":{"line":29,"column":12},"end":{"line":31,"column":13}},"30":{"start":{"line":30,"column":16},"end":{"line":30,"column":37}},"31":{"start":{"line":32,"column":12},"end":{"line":32,"column":34}},"32":{"start":{"line":36,"column":0},"end":{"line":36,"column":26}}},"branchMap":{"1":{"line":2,"type":"binary-expr","locations":[{"start":{"line":2,"column":17},"end":{"line":2,"column":21}},{"start":{"line":2,"column":25},"end":{"line":2,"column":39}},{"start":{"line":2,"column":44},"end":{"line":10,"column":1}}]},"2":{"line":3,"type":"cond-expr","locations":[{"start":{"line":3,"column":56},"end":{"line":3,"column":61}},{"start":{"line":3,"column":64},"end":{"line":3,"column":109}}]},"3":{"line":4,"type":"binary-expr","locations":[{"start":{"line":4,"column":16},"end":{"line":4,"column":17}},{"start":{"line":4,"column":22},"end":{"line":4,"column":33}}]},"4":{"line":7,"type":"cond-expr","locations":[{"start":{"line":7,"column":46},"end":{"line":7,"column":67}},{"start":{"line":7,"column":70},"end":{"line":7,"column":115}}]},"5":{"line":8,"type":"binary-expr","locations":[{"start":{"line":8,"column":51},"end":{"line":8,"column":61}},{"start":{"line":8,"column":65},"end":{"line":8,"column":67}}]},"6":{"line":18,"type":"if","locations":[{"start":{"line":18,"column":12},"end":{"line":18,"column":12}},{"start":{"line":18,"column":12},"end":{"line":18,"column":12}}]},"7":{"line":29,"type":"if","locations":[{"start":{"line":29,"column":12},"end":{"line":29,"column":12}},{"start":{"line":29,"column":12},"end":{"line":29,"column":12}}]},"8":{"line":29,"type":"binary-expr","locations":[{"start":{"line":29,"column":16},"end":{"line":29,"column":32}},{"start":{"line":29,"column":36},"end":{"line":29,"column":56}}]}},"code":["\"use strict\";","var __awaiter = (this && this.__awaiter) || function (thisArg, _arguments, P, generator) {","    function adopt(value) { return value instanceof P ? value : new P(function (resolve) { resolve(value); }); }","    return new (P || (P = Promise))(function (resolve, reject) {","        function fulfilled(value) { try { step(generator.next(value)); } catch (e) { reject(e); } }","        function rejected(value) { try { step(generator[\"throw\"](value)); } catch (e) { reject(e); } }","        function step(result) { result.done ? resolve(result.value) : adopt(result.value).then(fulfilled, rejected); }","        step((generator = generator.apply(thisArg, _arguments || [])).next());","    });","};","Object.defineProperty(exports, \"__esModule\", { value: true });","const exec = require(\"@actions/exec\");","const split = require(\"argv-split\");","const sub = require(\"substituter\");","class Command {","    static execute(ocPath, args) {","        return __awaiter(this, void 0, void 0, function* () {","            if (!ocPath) {","                return Promise.reject('Unable to find oc bundle');","            }","            const cmdArgs = yield Command.prepareOcArgs(args);","            return yield exec.exec(`${ocPath} ${cmdArgs}`);","        });","    }","    static prepareOcArgs(ocArgs) {","        return __awaiter(this, void 0, void 0, function* () {","            const interpolatedArgs = sub(ocArgs, process.env);","            let args = split(interpolatedArgs);","            if (args[0] === 'oc' || args[0] === 'oc.exe') {","                args = args.slice(1);","            }","            return args.join(' ');","        });","    }","}","exports.Command = Command;",""]},"/home/luca/Public/github.com/redhat-developer/openshift-actions/lib/src/auth.js":{"path":"/home/luca/Public/github.com/redhat-developer/openshift-actions/lib/src/auth.js","s":{"1":0,"2":0,"3":0,"4":0,"5":0,"6":0,"7":0,"8":0,"9":0,"10":0,"11":0,"12":0,"13":0,"14":0,"15":0,"16":0,"17":0,"18":0,"19":0,"20":0,"21":0,"22":0,"23":0,"24":0,"25":0,"26":0,"27":0,"28":0,"29":0,"30":0,"31":0,"32":0,"33":0,"34":0,"35":0,"36":0,"37":0,"38":0,"39":0,"40":0,"41":0,"42":0,"43":0,"44":0,"45":0,"46":0,"47":0,"48":0,"49":0,"50":0,"51":0,"52":0,"53":0,"54":0,"55":0,"56":0,"57":0,"58":0,"59":0,"60":0},"b":{"1":[0,0,0],"2":[0,0],"3":[0,0],"4":[0,0],"5":[0,0],"6":[0,0],"7":[0,0],"8":[0,0],"9":[0,0],"10":[0,0],"11":[0,0],"12":[0,0],"13":[0,0,0,0],"14":[0,0],"15":[0,0]},"f":{"1":0,"2":0,"3":0,"4":0,"5":0,"6":0,"7":0,"8":0,"9":0,"10":0,"11":0,"12":0,"13":0},"fnMap":{"1":{"name":"(anonymous_1)","line":2,"loc":{"start":{"line":2,"column":44},"end":{"line":2,"column":89}}},"2":{"name":"adopt","line":3,"loc":{"start":{"line":3,"column":4},"end":{"line":3,"column":26}}},"3":{"name":"(anonymous_3)","line":3,"loc":{"start":{"line":3,"column":70},"end":{"line":3,"column":89}}},"4":{"name":"(anonymous_4)","line":4,"loc":{"start":{"line":4,"column":36},"end":{"line":4,"column":63}}},"5":{"name":"fulfilled","line":5,"loc":{"start":{"line":5,"column":8},"end":{"line":5,"column":34}}},"6":{"name":"rejected","line":6,"loc":{"start":{"line":6,"column":8},"end":{"line":6,"column":33}}},"7":{"name":"step","line":7,"loc":{"start":{"line":7,"column":8},"end":{"line":7,"column":30}}},"8":{"name":"(anonymous_8)","line":16,"loc":{"start":{"line":16,"column":32},"end":{"line":16,"column":62}}},"9":{"name":"(anonymous_9)","line":17,"loc":{"start":{"line":17,"column":47},"end":{"line":17,"column":60}}},"10":{"name":"(anonymous_10)","line":42,"loc":{"start":{"line":42,"column":27},"end":{"line":42,"column":46}}},"11":{"name":"(anonymous_11)","line":43,"loc":{"start":{"line":43,"column":47},"end":{"line":43,"column":60}}},"12":{"name":"(anonymous_12)","line":76,"loc":{"start":{"line":76,"column":38},"end":{"line":76,"column":49}}},"13":{"name":"(anonymous_13)","line":83,"loc":{"start":{"line":83,"column":24},"end":{"line":83,"column":35}}}},"statementMap":{"1":{"start":{"line":2,"column":0},"end":{"line":10,"column":2}},"2":{"start":{"line":3,"column":4},"end":{"line":3,"column":112}},"3":{"start":{"line":3,"column":28},"end":{"line":3,"column":110}},"4":{"start":{"line":3,"column":91},"end":{"line":3,"column":106}},"5":{"start":{"line":4,"column":4},"end":{"line":9,"column":7}},"6":{"start":{"line":5,"column":8},"end":{"line":5,"column":99}},"7":{"start":{"line":5,"column":36},"end":{"line":5,"column":97}},"8":{"start":{"line":5,"column":42},"end":{"line":5,"column":70}},"9":{"start":{"line":5,"column":85},"end":{"line":5,"column":95}},"10":{"start":{"line":6,"column":8},"end":{"line":6,"column":102}},"11":{"start":{"line":6,"column":35},"end":{"line":6,"column":100}},"12":{"start":{"line":6,"column":41},"end":{"line":6,"column":73}},"13":{"start":{"line":6,"column":88},"end":{"line":6,"column":98}},"14":{"start":{"line":7,"column":8},"end":{"line":7,"column":118}},"15":{"start":{"line":7,"column":32},"end":{"line":7,"column":116}},"16":{"start":{"line":8,"column":8},"end":{"line":8,"column":78}},"17":{"start":{"line":11,"column":0},"end":{"line":11,"column":62}},"18":{"start":{"line":12,"column":0},"end":{"line":12,"column":38}},"19":{"start":{"line":13,"column":0},"end":{"line":13,"column":43}},"20":{"start":{"line":14,"column":0},"end":{"line":14,"column":39}},"21":{"start":{"line":17,"column":8},"end":{"line":40,"column":11}},"22":{"start":{"line":18,"column":12},"end":{"line":20,"column":13}},"23":{"start":{"line":19,"column":16},"end":{"line":19,"column":72}},"24":{"start":{"line":21,"column":12},"end":{"line":23,"column":13}},"25":{"start":{"line":22,"column":16},"end":{"line":22,"column":76}},"26":{"start":{"line":24,"column":12},"end":{"line":24,"column":54}},"27":{"start":{"line":25,"column":12},"end":{"line":25,"column":28}},"28":{"start":{"line":26,"column":12},"end":{"line":34,"column":13}},"29":{"start":{"line":27,"column":16},"end":{"line":27,"column":58}},"30":{"start":{"line":29,"column":17},"end":{"line":34,"column":13}},"31":{"start":{"line":30,"column":16},"end":{"line":30,"column":58}},"32":{"start":{"line":33,"column":16},"end":{"line":33,"column":117}},"33":{"start":{"line":35,"column":12},"end":{"line":39,"column":14}},"34":{"start":{"line":43,"column":8},"end":{"line":74,"column":11}},"35":{"start":{"line":44,"column":12},"end":{"line":47,"column":13}},"36":{"start":{"line":45,"column":16},"end":{"line":45,"column":59}},"37":{"start":{"line":46,"column":16},"end":{"line":46,"column":63}},"38":{"start":{"line":53,"column":12},"end":{"line":53,"column":45}},"39":{"start":{"line":54,"column":12},"end":{"line":54,"column":87}},"40":{"start":{"line":55,"column":12},"end":{"line":57,"column":13}},"41":{"start":{"line":56,"column":16},"end":{"line":56,"column":73}},"42":{"start":{"line":58,"column":12},"end":{"line":73,"column":13}},"43":{"start":{"line":60,"column":20},"end":{"line":60,"column":69}},"44":{"start":{"line":61,"column":20},"end":{"line":61,"column":69}},"45":{"start":{"line":62,"column":20},"end":{"line":62,"column":148}},"46":{"start":{"line":63,"column":20},"end":{"line":63,"column":26}},"47":{"start":{"line":65,"column":20},"end":{"line":65,"column":133}},"48":{"start":{"line":66,"column":20},"end":{"line":66,"column":66}},"49":{"start":{"line":67,"column":20},"end":{"line":67,"column":26}},"50":{"start":{"line":70,"column":20},"end":{"line":70,"column":26}},"51":{"start":{"line":72,"column":20},"end":{"line":72,"column":81}},"52":{"start":{"line":77,"column":8},"end":{"line":77,"column":33}},"53":{"start":{"line":78,"column":8},"end":{"line":80,"column":9}},"54":{"start":{"line":79,"column":12},"end":{"line":79,"column":107}},"55":{"start":{"line":81,"column":8},"end":{"line":81,"column":31}},"56":{"start":{"line":84,"column":8},"end":{"line":84,"column":31}},"57":{"start":{"line":85,"column":8},"end":{"line":87,"column":9}},"58":{"start":{"line":86,"column":12},"end":{"line":86,"column":57}},"59":{"start":{"line":88,"column":8},"end":{"line":88,"column":29}},"60":{"start":{"line":91,"column":0},"end":{"line":91,"column":24}}},"branchMap":{"1":{"line":2,"type":"binary-expr","locations":[{"start":{"line":2,"column":17},"end":{"line":2,"column":21}},{"start":{"line":2,"column":25},"end":{"line":2,"column":39}},{"start":{"line":2,"column":44},"end":{"line":10,"column":1}}]},"2":{"line":3,"type":"cond-expr","locations":[{"start":{"line":3,"column":56},"end":{"line":3,"column":61}},{"start":{"line":3,"column":64},"end":{"line":3,"column":109}}]},"3":{"line":4,"type":"binary-expr","locations":[{"start":{"line":4,"column":16},"end":{"line":4,"column":17}},{"start":{"line":4,"column":22},"end":{"line":4,"column":33}}]},"4":{"line":7,"type":"cond-expr","locations":[{"start":{"line":7,"column":46},"end":{"line":7,"column":67}},{"start":{"line":7,"column":70},"end":{"line":7,"column":115}}]},"5":{"line":8,"type":"binary-expr","locations":[{"start":{"line":8,"column":51},"end":{"line":8,"column":61}},{"start":{"line":8,"column":65},"end":{"line":8,"column":67}}]},"6":{"line":18,"type":"if","locations":[{"start":{"line":18,"column":12},"end":{"line":18,"column":12}},{"start":{"line":18,"column":12},"end":{"line":18,"column":12}}]},"7":{"line":21,"type":"if","locations":[{"start":{"line":21,"column":12},"end":{"line":21,"column":12}},{"start":{"line":21,"column":12},"end":{"line":21,"column":12}}]},"8":{"line":26,"type":"if","locations":[{"start":{"line":26,"column":12},"end":{"line":26,"column":12}},{"start":{"line":26,"column":12},"end":{"line":26,"column":12}}]},"9":{"line":26,"type":"binary-expr","locations":[{"start":{"line":26,"column":16},"end":{"line":26,"column":38}},{"start":{"line":26,"column":42},"end":{"line":26,"column":64}}]},"10":{"line":29,"type":"if","locations":[{"start":{"line":29,"column":17},"end":{"line":29,"column":17}},{"start":{"line":29,"column":17},"end":{"line":29,"column":17}}]},"11":{"line":44,"type":"if","locations":[{"start":{"line":44,"column":12},"end":{"line":44,"column":12}},{"start":{"line":44,"column":12},"end":{"line":44,"column":12}}]},"12":{"line":55,"type":"if","locations":[{"start":{"line":55,"column":12},"end":{"line":55,"column":12}},{"start":{"line":55,"column":12},"end":{"line":55,"column":12}}]},"13":{"line":58,"type":"switch","locations":[{"start":{"line":59,"column":16},"end":{"line":63,"column":26}},{"start":{"line":64,"column":16},"end":{"line":67,"column":26}},{"start":{"line":68,"column":16},"end":{"line":70,"column":26}},{"start":{"line":71,"column":16},"end":{"line":72,"column":81}}]},"14":{"line":78,"type":"if","locations":[{"start":{"line":78,"column":8},"end":{"line":78,"column":8}},{"start":{"line":78,"column":8},"end":{"line":78,"column":8}}]},"15":{"line":85,"type":"if","locations":[{"start":{"line":85,"column":8},"end":{"line":85,"column":8}},{"start":{"line":85,"column":8},"end":{"line":85,"column":8}}]}},"code":["\"use strict\";","var __awaiter = (this && this.__awaiter) || function (thisArg, _arguments, P, generator) {","    function adopt(value) { return value instanceof P ? value : new P(function (resolve) { resolve(value); }); }","    return new (P || (P = Promise))(function (resolve, reject) {","        function fulfilled(value) { try { step(generator.next(value)); } catch (e) { reject(e); } }","        function rejected(value) { try { step(generator[\"throw\"](value)); } catch (e) { reject(e); } }","        function step(result) { result.done ? resolve(result.value) : adopt(result.value).then(fulfilled, rejected); }","        step((generator = generator.apply(thisArg, _arguments || [])).next());","    });","};","Object.defineProperty(exports, \"__esModule\", { value: true });","const core = require(\"@actions/core\");","const constants_1 = require(\"./constants\");","const command_1 = require(\"./command\");","class OcAuth {","    static initOpenShiftEndpoint(openShiftServer, parameters) {","        return __awaiter(this, void 0, void 0, function* () {","            if (!openShiftServer) {","                return Promise.reject('Invalid Openshift cluster URL.');","            }","            if (!parameters) {","                return Promise.reject('Invalid parameters workflow input.');","            }","            const paramsJSON = JSON.parse(parameters);","            let scheme = '';","            if (paramsJSON['username'] && paramsJSON['password']) {","                scheme = constants_1.BASIC_AUTHENTICATION;","            }","            else if (paramsJSON['apitoken']) {","                scheme = constants_1.TOKEN_AUTHENTICATION;","            }","            else {","                return Promise.reject('There are no sufficient parameters to authenticate to an Openshift cluster.');","            }","            return {","                serverUrl: openShiftServer,","                parameters: paramsJSON,","                scheme: scheme","            };","        });","    }","    static createKubeConfig(endpoint, ocPath) {","        return __awaiter(this, void 0, void 0, function* () {","            if (!endpoint) {","                core.debug('Null endpoint is not allowed');","                return Promise.reject('Endpoint is not valid');","            }","            // potential values for EndpointAuthorization:","            //","            // parameters:{\"apitoken\":***}, scheme:'Token'","            // parameters:{\"username\":***,\"password\":***}, scheme:'UsernamePassword'","            // parameters:{\"kubeconfig\":***}, scheme:'None'","            const authType = endpoint.scheme;","            let useCertificateOrSkipTls = OcAuth.getCertificateAuthorityFile(endpoint);","            if (useCertificateOrSkipTls === '') {","                useCertificateOrSkipTls = OcAuth.skipTlsVerify(endpoint);","            }","            switch (authType) {","                case constants_1.BASIC_AUTHENTICATION:","                    const username = endpoint.parameters['username'];","                    const password = endpoint.parameters['password'];","                    yield command_1.Command.execute(ocPath, `login ${useCertificateOrSkipTls} -u ${username} -p ${password} ${endpoint.serverUrl}`);","                    break;","                case constants_1.TOKEN_AUTHENTICATION:","                    const args = `login ${useCertificateOrSkipTls} --token ${endpoint.parameters['apitoken']} ${endpoint.serverUrl}`;","                    yield command_1.Command.execute(ocPath, args);","                    break;","                case constants_1.NO_AUTHENTICATION:","                    // authKubeConfig(endpoint.parameters['kubeconfig'], runnerOS);","                    break;","                default:","                    throw new Error(`unknown authentication type '${authType}'`);","            }","        });","    }","    static getCertificateAuthorityFile(endpoint) {","        let certificateFile = '';","        if (endpoint.parameters['certificateAuthorityFile']) {","            certificateFile = `--certificate-authority=${endpoint.parameters['certificateAuthorityFile']}`;","        }","        return certificateFile;","    }","    static skipTlsVerify(endpoint) {","        let skipTlsVerify = '';","        if (endpoint.parameters['acceptUntrustedCerts'] === 'true') {","            skipTlsVerify = '--insecure-skip-tls-verify';","        }","        return skipTlsVerify;","    }","}","exports.OcAuth = OcAuth;",""]},"/home/luca/Public/github.com/redhat-developer/openshift-actions/lib/src/constants.js":{"path":"/home/luca/Public/github.com/redhat-developer/openshift-actions/lib/src/constants.js","s":{"1":0,"2":0,"3":0,"4":0,"5":0,"6":0,"7":0,"8":0,"9":0,"10":0,"11":0},"b":{},"f":{},"fnMap":{},"statementMap":{"1":{"start":{"line":2,"column":0},"end":{"line":2,"column":62}},"2":{"start":{"line":3,"column":0},"end":{"line":3,"column":24}},"3":{"start":{"line":4,"column":0},"end":{"line":4,"column":26}},"4":{"start":{"line":5,"column":0},"end":{"line":5,"column":24}},"5":{"start":{"line":6,"column":0},"end":{"line":6,"column":26}},"6":{"start":{"line":7,"column":0},"end":{"line":7,"column":32}},"7":{"start":{"line":8,"column":0},"end":{"line":8,"column":26}},"8":{"start":{"line":9,"column":0},"end":{"line":9,"column":52}},"9":{"start":{"line":10,"column":0},"end":{"line":10,"column":50}},"10":{"start":{"line":11,"column":0},"end":{"line":11,"column":39}},"11":{"start":{"line":12,"column":0},"end":{"line":12,"column":35}}},"branchMap":{},"code":["\"use strict\";","Object.defineProperty(exports, \"__esModule\", { value: true });","exports.LINUX = 'linux';","exports.MACOSX = 'macosx';","exports.WIN = 'windows';","exports.LATEST = 'latest';","exports.OC_TAR_GZ = 'oc.tar.gz';","exports.OC_ZIP = 'oc.zip';","exports.OPENSHIFT_SERVICE_NAME = 'openshiftService';","exports.BASIC_AUTHENTICATION = 'UsernamePassword';","exports.TOKEN_AUTHENTICATION = 'Token';","exports.NO_AUTHENTICATION = 'None';",""]},"/home/luca/Public/github.com/redhat-developer/openshift-actions/lib/src/installer.js":{"path":"/home/luca/Public/github.com/redhat-developer/openshift-actions/lib/src/installer.js","s":{"1":0,"2":0,"3":0,"4":0,"5":0,"6":0,"7":0,"8":0,"9":0,"10":0,"11":0,"12":0,"13":0,"14":0,"15":0,"16":0,"17":0,"18":0,"19":0,"20":0,"21":0,"22":0,"23":0,"24":0,"25":0,"26":0,"27":0,"28":0,"29":0,"30":0,"31":0,"32":0,"33":0,"34":0,"35":0,"36":0,"37":0,"38":0,"39":0,"40":0,"41":0,"42":0,"43":0,"44":0,"45":0,"46":0,"47":0,"48":0,"49":0,"50":0,"51":0,"52":0,"53":0,"54":0,"55":0,"56":0,"57":0,"58":0,"59":0,"60":0,"61":0,"62":0,"63":0,"64":0,"65":0,"66":0,"67":0,"68":0,"69":0,"70":0,"71":0,"72":0,"73":0,"74":0,"75":0,"76":0,"77":0,"78":0,"79":0,"80":0,"81":0,"82":0,"83":0,"84":0,"85":0,"86":0,"87":0,"88":0,"89":0,"90":0,"91":0,"92":0,"93":0,"94":0,"95":0,"96":0,"97":0,"98":0,"99":0,"100":0,"101":0,"102":0,"103":0},"b":{"1":[0,0,0],"2":[0,0],"3":[0,0],"4":[0,0],"5":[0,0],"6":[0,0],"7":[0,0],"8":[0,0],"9":[0,0],"10":[0,0],"11":[0,0],"12":[0,0],"13":[0,0],"14":[0,0],"15":[0,0],"16":[0,0],"17":[0,0],"18":[0,0],"19":[0,0],"20":[0,0,0,0],"21":[0,0]},"f":{"1":0,"2":0,"3":0,"4":0,"5":0,"6":0,"7":0,"8":0,"9":0,"10":0,"11":0,"12":0,"13":0,"14":0,"15":0,"16":0,"17":0,"18":0,"19":0},"fnMap":{"1":{"name":"(anonymous_1)","line":2,"loc":{"start":{"line":2,"column":44},"end":{"line":2,"column":89}}},"2":{"name":"adopt","line":3,"loc":{"start":{"line":3,"column":4},"end":{"line":3,"column":26}}},"3":{"name":"(anonymous_3)","line":3,"loc":{"start":{"line":3,"column":70},"end":{"line":3,"column":89}}},"4":{"name":"(anonymous_4)","line":4,"loc":{"start":{"line":4,"column":36},"end":{"line":4,"column":63}}},"5":{"name":"fulfilled","line":5,"loc":{"start":{"line":5,"column":8},"end":{"line":5,"column":34}}},"6":{"name":"rejected","line":6,"loc":{"start":{"line":6,"column":8},"end":{"line":6,"column":33}}},"7":{"name":"step","line":7,"loc":{"start":{"line":7,"column":8},"end":{"line":7,"column":30}}},"8":{"name":"(anonymous_8)","line":20,"loc":{"start":{"line":20,"column":20},"end":{"line":20,"column":40}}},"9":{"name":"(anonymous_9)","line":21,"loc":{"start":{"line":21,"column":47},"end":{"line":21,"column":60}}},"10":{"name":"(anonymous_10)","line":43,"loc":{"start":{"line":43,"column":29},"end":{"line":43,"column":45}}},"11":{"name":"(anonymous_11)","line":44,"loc":{"start":{"line":44,"column":47},"end":{"line":44,"column":60}}},"12":{"name":"(anonymous_12)","line":68,"loc":{"start":{"line":68,"column":25},"end":{"line":68,"column":45}}},"13":{"name":"(anonymous_13)","line":69,"loc":{"start":{"line":69,"column":47},"end":{"line":69,"column":60}}},"14":{"name":"(anonymous_14)","line":104,"loc":{"start":{"line":104,"column":17},"end":{"line":104,"column":28}}},"15":{"name":"(anonymous_15)","line":105,"loc":{"start":{"line":105,"column":47},"end":{"line":105,"column":60}}},"16":{"name":"(anonymous_16)","line":117,"loc":{"start":{"line":117,"column":26},"end":{"line":117,"column":37}}},"17":{"name":"(anonymous_17)","line":118,"loc":{"start":{"line":118,"column":47},"end":{"line":118,"column":60}}},"18":{"name":"(anonymous_18)","line":141,"loc":{"start":{"line":141,"column":21},"end":{"line":141,"column":24}}},"19":{"name":"(anonymous_19)","line":142,"loc":{"start":{"line":142,"column":47},"end":{"line":142,"column":60}}}},"statementMap":{"1":{"start":{"line":2,"column":0},"end":{"line":10,"column":2}},"2":{"start":{"line":3,"column":4},"end":{"line":3,"column":112}},"3":{"start":{"line":3,"column":28},"end":{"line":3,"column":110}},"4":{"start":{"line":3,"column":91},"end":{"line":3,"column":106}},"5":{"start":{"line":4,"column":4},"end":{"line":9,"column":7}},"6":{"start":{"line":5,"column":8},"end":{"line":5,"column":99}},"7":{"start":{"line":5,"column":36},"end":{"line":5,"column":97}},"8":{"start":{"line":5,"column":42},"end":{"line":5,"column":70}},"9":{"start":{"line":5,"column":85},"end":{"line":5,"column":95}},"10":{"start":{"line":6,"column":8},"end":{"line":6,"column":102}},"11":{"start":{"line":6,"column":35},"end":{"line":6,"column":100}},"12":{"start":{"line":6,"column":41},"end":{"line":6,"column":73}},"13":{"start":{"line":6,"column":88},"end":{"line":6,"column":98}},"14":{"start":{"line":7,"column":8},"end":{"line":7,"column":118}},"15":{"start":{"line":7,"column":32},"end":{"line":7,"column":116}},"16":{"start":{"line":8,"column":8},"end":{"line":8,"column":78}},"17":{"start":{"line":11,"column":0},"end":{"line":11,"column":62}},"18":{"start":{"line":12,"column":0},"end":{"line":12,"column":38}},"19":{"start":{"line":13,"column":0},"end":{"line":13,"column":50}},"20":{"start":{"line":14,"column":0},"end":{"line":14,"column":42}},"21":{"start":{"line":15,"column":0},"end":{"line":15,"column":43}},"22":{"start":{"line":16,"column":0},"end":{"line":16,"column":28}},"23":{"start":{"line":17,"column":0},"end":{"line":17,"column":29}},"24":{"start":{"line":18,"column":0},"end":{"line":18,"column":38}},"25":{"start":{"line":21,"column":8},"end":{"line":41,"column":11}},"26":{"start":{"line":22,"column":12},"end":{"line":24,"column":13}},"27":{"start":{"line":23,"column":16},"end":{"line":23,"column":134}},"28":{"start":{"line":25,"column":12},"end":{"line":25,"column":25}},"29":{"start":{"line":26,"column":12},"end":{"line":31,"column":13}},"30":{"start":{"line":27,"column":16},"end":{"line":27,"column":30}},"31":{"start":{"line":30,"column":16},"end":{"line":30,"column":72}},"32":{"start":{"line":32,"column":12},"end":{"line":34,"column":13}},"33":{"start":{"line":33,"column":16},"end":{"line":33,"column":78}},"34":{"start":{"line":35,"column":12},"end":{"line":35,"column":46}},"35":{"start":{"line":36,"column":12},"end":{"line":36,"column":79}},"36":{"start":{"line":37,"column":12},"end":{"line":39,"column":13}},"37":{"start":{"line":38,"column":16},"end":{"line":38,"column":82}},"38":{"start":{"line":40,"column":12},"end":{"line":40,"column":28}},"39":{"start":{"line":44,"column":8},"end":{"line":66,"column":11}},"40":{"start":{"line":45,"column":12},"end":{"line":47,"column":13}},"41":{"start":{"line":46,"column":16},"end":{"line":46,"column":28}},"42":{"start":{"line":48,"column":12},"end":{"line":48,"column":33}},"43":{"start":{"line":49,"column":12},"end":{"line":49,"column":61}},"44":{"start":{"line":50,"column":12},"end":{"line":50,"column":25}},"45":{"start":{"line":51,"column":12},"end":{"line":58,"column":13}},"46":{"start":{"line":52,"column":16},"end":{"line":52,"column":65}},"47":{"start":{"line":53,"column":16},"end":{"line":53,"column":60}},"48":{"start":{"line":56,"column":16},"end":{"line":56,"column":65}},"49":{"start":{"line":57,"column":16},"end":{"line":57,"column":56}},"50":{"start":{"line":59,"column":12},"end":{"line":65,"column":13}},"51":{"start":{"line":60,"column":16},"end":{"line":60,"column":28}},"52":{"start":{"line":63,"column":16},"end":{"line":63,"column":47}},"53":{"start":{"line":64,"column":16},"end":{"line":64,"column":32}},"54":{"start":{"line":69,"column":8},"end":{"line":102,"column":11}},"55":{"start":{"line":70,"column":12},"end":{"line":70,"column":25}},"56":{"start":{"line":71,"column":12},"end":{"line":74,"column":13}},"57":{"start":{"line":72,"column":16},"end":{"line":72,"column":55}},"58":{"start":{"line":73,"column":16},"end":{"line":73,"column":27}},"59":{"start":{"line":76,"column":12},"end":{"line":76,"column":50}},"60":{"start":{"line":77,"column":12},"end":{"line":77,"column":50}},"61":{"start":{"line":78,"column":12},"end":{"line":81,"column":13}},"62":{"start":{"line":79,"column":16},"end":{"line":79,"column":61}},"63":{"start":{"line":80,"column":16},"end":{"line":80,"column":28}},"64":{"start":{"line":82,"column":12},"end":{"line":82,"column":43}},"65":{"start":{"line":83,"column":12},"end":{"line":83,"column":57}},"66":{"start":{"line":84,"column":12},"end":{"line":93,"column":13}},"67":{"start":{"line":85,"column":16},"end":{"line":85,"column":66}},"68":{"start":{"line":87,"column":17},"end":{"line":93,"column":13}},"69":{"start":{"line":88,"column":16},"end":{"line":88,"column":66}},"70":{"start":{"line":91,"column":16},"end":{"line":91,"column":46}},"71":{"start":{"line":92,"column":16},"end":{"line":92,"column":28}},"72":{"start":{"line":94,"column":12},"end":{"line":94,"column":69}},"73":{"start":{"line":95,"column":12},"end":{"line":98,"column":13}},"74":{"start":{"line":96,"column":16},"end":{"line":96,"column":56}},"75":{"start":{"line":97,"column":16},"end":{"line":97,"column":28}},"76":{"start":{"line":99,"column":12},"end":{"line":99,"column":26}},"77":{"start":{"line":100,"column":12},"end":{"line":100,"column":46}},"78":{"start":{"line":101,"column":12},"end":{"line":101,"column":23}},"79":{"start":{"line":105,"column":8},"end":{"line":115,"column":11}},"80":{"start":{"line":106,"column":12},"end":{"line":106,"column":69}},"81":{"start":{"line":107,"column":12},"end":{"line":110,"column":13}},"82":{"start":{"line":108,"column":16},"end":{"line":108,"column":56}},"83":{"start":{"line":109,"column":16},"end":{"line":109,"column":28}},"84":{"start":{"line":111,"column":12},"end":{"line":111,"column":57}},"85":{"start":{"line":112,"column":12},"end":{"line":112,"column":88}},"86":{"start":{"line":113,"column":12},"end":{"line":113,"column":59}},"87":{"start":{"line":114,"column":12},"end":{"line":114,"column":23}},"88":{"start":{"line":118,"column":8},"end":{"line":139,"column":11}},"89":{"start":{"line":119,"column":12},"end":{"line":119,"column":25}},"90":{"start":{"line":121,"column":12},"end":{"line":137,"column":13}},"91":{"start":{"line":123,"column":20},"end":{"line":123,"column":75}},"92":{"start":{"line":124,"column":20},"end":{"line":124,"column":26}},"93":{"start":{"line":127,"column":20},"end":{"line":127,"column":76}},"94":{"start":{"line":128,"column":20},"end":{"line":128,"column":26}},"95":{"start":{"line":131,"column":20},"end":{"line":131,"column":70}},"96":{"start":{"line":132,"column":20},"end":{"line":132,"column":26}},"97":{"start":{"line":135,"column":20},"end":{"line":135,"column":32}},"98":{"start":{"line":138,"column":12},"end":{"line":138,"column":23}},"99":{"start":{"line":142,"column":8},"end":{"line":146,"column":11}},"100":{"start":{"line":143,"column":12},"end":{"line":143,"column":68}},"101":{"start":{"line":144,"column":12},"end":{"line":144,"column":85}},"102":{"start":{"line":145,"column":12},"end":{"line":145,"column":39}},"103":{"start":{"line":149,"column":0},"end":{"line":149,"column":30}}},"branchMap":{"1":{"line":2,"type":"binary-expr","locations":[{"start":{"line":2,"column":17},"end":{"line":2,"column":21}},{"start":{"line":2,"column":25},"end":{"line":2,"column":39}},{"start":{"line":2,"column":44},"end":{"line":10,"column":1}}]},"2":{"line":3,"type":"cond-expr","locations":[{"start":{"line":3,"column":56},"end":{"line":3,"column":61}},{"start":{"line":3,"column":64},"end":{"line":3,"column":109}}]},"3":{"line":4,"type":"binary-expr","locations":[{"start":{"line":4,"column":16},"end":{"line":4,"column":17}},{"start":{"line":4,"column":22},"end":{"line":4,"column":33}}]},"4":{"line":7,"type":"cond-expr","locations":[{"start":{"line":7,"column":46},"end":{"line":7,"column":67}},{"start":{"line":7,"column":70},"end":{"line":7,"column":115}}]},"5":{"line":8,"type":"binary-expr","locations":[{"start":{"line":8,"column":51},"end":{"line":8,"column":61}},{"start":{"line":8,"column":65},"end":{"line":8,"column":67}}]},"6":{"line":22,"type":"if","locations":[{"start":{"line":22,"column":12},"end":{"line":22,"column":12}},{"start":{"line":22,"column":12},"end":{"line":22,"column":12}}]},"7":{"line":26,"type":"if","locations":[{"start":{"line":26,"column":12},"end":{"line":26,"column":12}},{"start":{"line":26,"column":12},"end":{"line":26,"column":12}}]},"8":{"line":32,"type":"if","locations":[{"start":{"line":32,"column":12},"end":{"line":32,"column":12}},{"start":{"line":32,"column":12},"end":{"line":32,"column":12}}]},"9":{"line":37,"type":"if","locations":[{"start":{"line":37,"column":12},"end":{"line":37,"column":12}},{"start":{"line":37,"column":12},"end":{"line":37,"column":12}}]},"10":{"line":45,"type":"if","locations":[{"start":{"line":45,"column":12},"end":{"line":45,"column":12}},{"start":{"line":45,"column":12},"end":{"line":45,"column":12}}]},"11":{"line":51,"type":"if","locations":[{"start":{"line":51,"column":12},"end":{"line":51,"column":12}},{"start":{"line":51,"column":12},"end":{"line":51,"column":12}}]},"12":{"line":59,"type":"if","locations":[{"start":{"line":59,"column":12},"end":{"line":59,"column":12}},{"start":{"line":59,"column":12},"end":{"line":59,"column":12}}]},"13":{"line":71,"type":"if","locations":[{"start":{"line":71,"column":12},"end":{"line":71,"column":12}},{"start":{"line":71,"column":12},"end":{"line":71,"column":12}}]},"14":{"line":78,"type":"if","locations":[{"start":{"line":78,"column":12},"end":{"line":78,"column":12}},{"start":{"line":78,"column":12},"end":{"line":78,"column":12}}]},"15":{"line":78,"type":"binary-expr","locations":[{"start":{"line":78,"column":16},"end":{"line":78,"column":28}},{"start":{"line":78,"column":32},"end":{"line":78,"column":56}}]},"16":{"line":84,"type":"if","locations":[{"start":{"line":84,"column":12},"end":{"line":84,"column":12}},{"start":{"line":84,"column":12},"end":{"line":84,"column":12}}]},"17":{"line":87,"type":"if","locations":[{"start":{"line":87,"column":17},"end":{"line":87,"column":17}},{"start":{"line":87,"column":17},"end":{"line":87,"column":17}}]},"18":{"line":95,"type":"if","locations":[{"start":{"line":95,"column":12},"end":{"line":95,"column":12}},{"start":{"line":95,"column":12},"end":{"line":95,"column":12}}]},"19":{"line":107,"type":"if","locations":[{"start":{"line":107,"column":12},"end":{"line":107,"column":12}},{"start":{"line":107,"column":12},"end":{"line":107,"column":12}}]},"20":{"line":121,"type":"switch","locations":[{"start":{"line":122,"column":16},"end":{"line":125,"column":17}},{"start":{"line":126,"column":16},"end":{"line":129,"column":17}},{"start":{"line":130,"column":16},"end":{"line":133,"column":17}},{"start":{"line":134,"column":16},"end":{"line":136,"column":17}}]},"21":{"line":143,"type":"binary-expr","locations":[{"start":{"line":143,"column":30},"end":{"line":143,"column":61}},{"start":{"line":143,"column":65},"end":{"line":143,"column":67}}]}},"code":["\"use strict\";","var __awaiter = (this && this.__awaiter) || function (thisArg, _arguments, P, generator) {","    function adopt(value) { return value instanceof P ? value : new P(function (resolve) { resolve(value); }); }","    return new (P || (P = Promise))(function (resolve, reject) {","        function fulfilled(value) { try { step(generator.next(value)); } catch (e) { reject(e); } }","        function rejected(value) { try { step(generator[\"throw\"](value)); } catch (e) { reject(e); } }","        function step(result) { result.done ? resolve(result.value) : adopt(result.value).then(fulfilled, rejected); }","        step((generator = generator.apply(thisArg, _arguments || [])).next());","    });","};","Object.defineProperty(exports, \"__esModule\", { value: true });","const core = require(\"@actions/core\");","const ioUtil = require(\"@actions/io/lib/io-util\");","const tc = require(\"@actions/tool-cache\");","const constants_1 = require(\"./constants\");","const fs = require(\"mz/fs\");","const path = require(\"path\");","const validUrl = require(\"valid-url\");","class Installer {","    static installOc(version, runnerOS) {","        return __awaiter(this, void 0, void 0, function* () {","            if (!version) {","                return Promise.reject('Invalid version input. Provide a valid version number or url where to download an oc bundle.');","            }","            let url = '';","            if (validUrl.isWebUri(version)) {","                url = version;","            }","            else {","                url = yield Installer.getOcBundleUrl(version, runnerOS);","            }","            if (!url) {","                return Promise.reject('Unable to determine oc download URL.');","            }","            core.debug(`downloading: ${url}`);","            const ocBinary = yield Installer.downloadAndExtract(url, runnerOS);","            if (!ocBinary) {","                return Promise.reject('Unable to download or extract oc binary.');","            }","            return ocBinary;","        });","    }","    static downloadAndExtract(url, runnerOS) {","        return __awaiter(this, void 0, void 0, function* () {","            if (!url) {","                return null;","            }","            let downloadDir = '';","            const pathOcArchive = yield tc.downloadTool(url);","            let ocBinary;","            if (runnerOS === 'Windows') {","                downloadDir = yield tc.extractZip(pathOcArchive);","                ocBinary = path.join(downloadDir, 'oc.exe');","            }","            else {","                downloadDir = yield tc.extractTar(pathOcArchive);","                ocBinary = path.join(downloadDir, 'oc');","            }","            if (!(yield ioUtil.exists(ocBinary))) {","                return null;","            }","            else {","                fs.chmodSync(ocBinary, '0755');","                return ocBinary;","            }","        });","    }","    static getOcBundleUrl(version, runnerOS) {","        return __awaiter(this, void 0, void 0, function* () {","            let url = '';","            if (version === 'latest') {","                url = yield Installer.latest(runnerOS);","                return url;","            }","            // determine the base_url based on version","            const reg = new RegExp('\\\\d+(?=\\\\.)');","            const vMajorRegEx = reg.exec(version);","            if (!vMajorRegEx || vMajorRegEx.length === 0) {","                core.debug('Error retrieving version major');","                return null;","            }","            const vMajor = +vMajorRegEx[0];","            const ocUtils = yield Installer.getOcUtils();","            if (vMajor === 3) {","                url = `${ocUtils.openshiftV3BaseUrl}/${version}/`;","            }","            else if (vMajor === 4) {","                url = `${ocUtils.openshiftV4BaseUrl}/${version}/`;","            }","            else {","                core.debug('Invalid version');","                return null;","            }","            const bundle = yield Installer.getOcBundleByOS(runnerOS);","            if (!bundle) {","                core.debug('Unable to find bundle url');","                return null;","            }","            url += bundle;","            core.debug(`archive URL: ${url}`);","            return url;","        });","    }","    static latest(runnerOS) {","        return __awaiter(this, void 0, void 0, function* () {","            const bundle = yield Installer.getOcBundleByOS(runnerOS);","            if (!bundle) {","                core.debug('Unable to find bundle url');","                return null;","            }","            const ocUtils = yield Installer.getOcUtils();","            const url = `${ocUtils.openshiftV4BaseUrl}/${constants_1.LATEST}/${bundle}`;","            core.debug(`latest stable oc version: ${url}`);","            return url;","        });","    }","    static getOcBundleByOS(runnerOS) {","        return __awaiter(this, void 0, void 0, function* () {","            let url = '';","            // determine the bundle path based on the OS type","            switch (runnerOS) {","                case 'Linux': {","                    url += `${constants_1.LINUX}/${constants_1.OC_TAR_GZ}`;","                    break;","                }","                case 'macOS': {","                    url += `${constants_1.MACOSX}/${constants_1.OC_TAR_GZ}`;","                    break;","                }","                case 'Windows': {","                    url += `${constants_1.WIN}/${constants_1.OC_ZIP}`;","                    break;","                }","                default: {","                    return null;","                }","            }","            return url;","        });","    }","    static getOcUtils() {","        return __awaiter(this, void 0, void 0, function* () {","            const workspace = process.env['GITHUB_WORKSPACE'] || '';","            const rawData = yield fs.readFile(path.join(workspace, 'oc-utils.json'));","            return JSON.parse(rawData);","        });","    }","}","exports.Installer = Installer;",""]},"/home/luca/Public/github.com/redhat-developer/openshift-actions/lib/src/ocExec.js":{"path":"/home/luca/Public/github.com/redhat-developer/openshift-actions/lib/src/ocExec.js","s":{"1":0,"2":0,"3":0,"4":0,"5":0,"6":0,"7":0,"8":0,"9":0,"10":0,"11":0,"12":0,"13":0,"14":0,"15":0,"16":0,"17":0,"18":0,"19":0,"20":0,"21":0,"22":0,"23":0,"24":0,"25":0,"26":0,"27":0,"28":0,"29":0,"30":0,"31":0,"32":0,"33":0,"34":0,"35":0,"36":0,"37":0,"38":0,"39":0,"40":0,"41":0,"42":0},"b":{"1":[0,0,0],"2":[0,0],"3":[0,0],"4":[0,0],"5":[0,0],"6":[0,0],"7":[0,0]},"f":{"1":0,"2":0,"3":0,"4":0,"5":0,"6":0,"7":0,"8":0,"9":0},"fnMap":{"1":{"name":"(anonymous_1)","line":2,"loc":{"start":{"line":2,"column":44},"end":{"line":2,"column":89}}},"2":{"name":"adopt","line":3,"loc":{"start":{"line":3,"column":4},"end":{"line":3,"column":26}}},"3":{"name":"(anonymous_3)","line":3,"loc":{"start":{"line":3,"column":70},"end":{"line":3,"column":89}}},"4":{"name":"(anonymous_4)","line":4,"loc":{"start":{"line":4,"column":36},"end":{"line":4,"column":63}}},"5":{"name":"fulfilled","line":5,"loc":{"start":{"line":5,"column":8},"end":{"line":5,"column":34}}},"6":{"name":"rejected","line":6,"loc":{"start":{"line":6,"column":8},"end":{"line":6,"column":33}}},"7":{"name":"step","line":7,"loc":{"start":{"line":7,"column":8},"end":{"line":7,"column":30}}},"8":{"name":"run","line":16,"loc":{"start":{"line":16,"column":0},"end":{"line":16,"column":15}}},"9":{"name":"(anonymous_9)","line":17,"loc":{"start":{"line":17,"column":43},"end":{"line":17,"column":56}}}},"statementMap":{"1":{"start":{"line":2,"column":0},"end":{"line":10,"column":2}},"2":{"start":{"line":3,"column":4},"end":{"line":3,"column":112}},"3":{"start":{"line":3,"column":28},"end":{"line":3,"column":110}},"4":{"start":{"line":3,"column":91},"end":{"line":3,"column":106}},"5":{"start":{"line":4,"column":4},"end":{"line":9,"column":7}},"6":{"start":{"line":5,"column":8},"end":{"line":5,"column":99}},"7":{"start":{"line":5,"column":36},"end":{"line":5,"column":97}},"8":{"start":{"line":5,"column":42},"end":{"line":5,"column":70}},"9":{"start":{"line":5,"column":85},"end":{"line":5,"column":95}},"10":{"start":{"line":6,"column":8},"end":{"line":6,"column":102}},"11":{"start":{"line":6,"column":35},"end":{"line":6,"column":100}},"12":{"start":{"line":6,"column":41},"end":{"line":6,"column":73}},"13":{"start":{"line":6,"column":88},"end":{"line":6,"column":98}},"14":{"start":{"line":7,"column":8},"end":{"line":7,"column":118}},"15":{"start":{"line":7,"column":32},"end":{"line":7,"column":116}},"16":{"start":{"line":8,"column":8},"end":{"line":8,"column":78}},"17":{"start":{"line":11,"column":0},"end":{"line":11,"column":62}},"18":{"start":{"line":12,"column":0},"end":{"line":12,"column":38}},"19":{"start":{"line":13,"column":0},"end":{"line":13,"column":33}},"20":{"start":{"line":14,"column":0},"end":{"line":14,"column":39}},"21":{"start":{"line":15,"column":0},"end":{"line":15,"column":43}},"22":{"start":{"line":16,"column":0},"end":{"line":40,"column":1}},"23":{"start":{"line":17,"column":4},"end":{"line":39,"column":7}},"24":{"start":{"line":18,"column":8},"end":{"line":18,"column":67}},"25":{"start":{"line":19,"column":8},"end":{"line":19,"column":55}},"26":{"start":{"line":20,"column":8},"end":{"line":20,"column":49}},"27":{"start":{"line":21,"column":8},"end":{"line":21,"column":42}},"28":{"start":{"line":22,"column":8},"end":{"line":22,"column":50}},"29":{"start":{"line":23,"column":8},"end":{"line":23,"column":28}},"30":{"start":{"line":24,"column":8},"end":{"line":24,"column":29}},"31":{"start":{"line":25,"column":8},"end":{"line":25,"column":47}},"32":{"start":{"line":26,"column":8},"end":{"line":28,"column":9}},"33":{"start":{"line":27,"column":12},"end":{"line":27,"column":100}},"34":{"start":{"line":29,"column":8},"end":{"line":29,"column":38}},"35":{"start":{"line":30,"column":8},"end":{"line":30,"column":80}},"36":{"start":{"line":31,"column":8},"end":{"line":33,"column":9}},"37":{"start":{"line":32,"column":12},"end":{"line":32,"column":50}},"38":{"start":{"line":34,"column":8},"end":{"line":34,"column":93}},"39":{"start":{"line":35,"column":8},"end":{"line":35,"column":63}},"40":{"start":{"line":36,"column":8},"end":{"line":38,"column":9}},"41":{"start":{"line":37,"column":12},"end":{"line":37,"column":57}},"42":{"start":{"line":41,"column":0},"end":{"line":41,"column":28}}},"branchMap":{"1":{"line":2,"type":"binary-expr","locations":[{"start":{"line":2,"column":17},"end":{"line":2,"column":21}},{"start":{"line":2,"column":25},"end":{"line":2,"column":39}},{"start":{"line":2,"column":44},"end":{"line":10,"column":1}}]},"2":{"line":3,"type":"cond-expr","locations":[{"start":{"line":3,"column":56},"end":{"line":3,"column":61}},{"start":{"line":3,"column":64},"end":{"line":3,"column":109}}]},"3":{"line":4,"type":"binary-expr","locations":[{"start":{"line":4,"column":16},"end":{"line":4,"column":17}},{"start":{"line":4,"column":22},"end":{"line":4,"column":33}}]},"4":{"line":7,"type":"cond-expr","locations":[{"start":{"line":7,"column":46},"end":{"line":7,"column":67}},{"start":{"line":7,"column":70},"end":{"line":7,"column":115}}]},"5":{"line":8,"type":"binary-expr","locations":[{"start":{"line":8,"column":51},"end":{"line":8,"column":61}},{"start":{"line":8,"column":65},"end":{"line":8,"column":67}}]},"6":{"line":26,"type":"if","locations":[{"start":{"line":26,"column":8},"end":{"line":26,"column":8}},{"start":{"line":26,"column":8},"end":{"line":26,"column":8}}]},"7":{"line":31,"type":"if","locations":[{"start":{"line":31,"column":8},"end":{"line":31,"column":8}},{"start":{"line":31,"column":8},"end":{"line":31,"column":8}}]}},"code":["\"use strict\";","var __awaiter = (this && this.__awaiter) || function (thisArg, _arguments, P, generator) {","    function adopt(value) { return value instanceof P ? value : new P(function (resolve) { resolve(value); }); }","    return new (P || (P = Promise))(function (resolve, reject) {","        function fulfilled(value) { try { step(generator.next(value)); } catch (e) { reject(e); } }","        function rejected(value) { try { step(generator[\"throw\"](value)); } catch (e) { reject(e); } }","        function step(result) { result.done ? resolve(result.value) : adopt(result.value).then(fulfilled, rejected); }","        step((generator = generator.apply(thisArg, _arguments || [])).next());","    });","};","Object.defineProperty(exports, \"__esModule\", { value: true });","const core = require(\"@actions/core\");","const auth_1 = require(\"./auth\");","const command_1 = require(\"./command\");","const installer_1 = require(\"./installer\");","function run() {","    return __awaiter(this, void 0, void 0, function* () {","        const openShiftUrl = core.getInput('openshift_server_url');","        const parameters = core.getInput('parameters');","        const version = core.getInput('version');","        const args = core.getInput('cmd');","        const runnerOS = process.env['RUNNER_OS'];","        core.debug(version);","        core.debug(runnerOS);","        core.debug(process.env['RUNNER_TEMP']);","        if (!args) {","            return Promise.reject('Invalid cmd input. Insert at least one command to be executed.');","        }","        const cmds = args.split('\\n');","        const ocPath = yield installer_1.Installer.installOc(version, runnerOS);","        if (ocPath === null) {","            throw new Error('no oc binary found');","        }","        const endpoint = yield auth_1.OcAuth.initOpenShiftEndpoint(openShiftUrl, parameters);","        yield auth_1.OcAuth.createKubeConfig(endpoint, ocPath);","        for (const cmd of cmds) {","            yield command_1.Command.execute(ocPath, cmd);","        }","    });","}","run().catch(core.setFailed);",""]}}