{"/home/luca/Public/github.com/redhat-developer/openshift-actions/lib/src/auth.js":{"path":"/home/luca/Public/github.com/redhat-developer/openshift-actions/lib/src/auth.js","s":{"1":1,"2":1,"3":5,"4":0,"5":6,"6":1,"7":5,"8":5,"9":0,"10":1,"11":0,"12":0,"13":0,"14":1,"15":11,"16":6,"17":1,"18":1,"19":1,"20":1,"21":5,"22":1,"23":4,"24":1,"25":3,"26":3,"27":3,"28":1,"29":2,"30":1,"31":1,"32":2,"33":6,"34":6,"35":1,"36":1,"37":5,"38":5,"39":5,"40":3,"41":5,"42":4,"43":4,"44":4,"45":4,"46":1,"47":1,"48":1,"49":0,"50":0,"51":2,"52":2,"53":1,"54":2,"55":3,"56":3,"57":1,"58":3,"59":1},"b":{"1":[1,1,1],"2":[5,0],"3":[6,6],"4":[6,5],"5":[6,6],"6":[1,4],"7":[1,3],"8":[1,2],"9":[3,1],"10":[1,1],"11":[1,5],"12":[3,2],"13":[4,1,0,0],"14":[1,1],"15":[1,2]},"f":{"1":6,"2":5,"3":0,"4":6,"5":5,"6":0,"7":11,"8":5,"9":6,"10":6,"11":2,"12":3},"fnMap":{"1":{"name":"(anonymous_1)","line":2,"loc":{"start":{"line":2,"column":44},"end":{"line":2,"column":89}}},"2":{"name":"adopt","line":3,"loc":{"start":{"line":3,"column":4},"end":{"line":3,"column":26}}},"3":{"name":"(anonymous_3)","line":3,"loc":{"start":{"line":3,"column":70},"end":{"line":3,"column":89}}},"4":{"name":"(anonymous_4)","line":4,"loc":{"start":{"line":4,"column":36},"end":{"line":4,"column":63}}},"5":{"name":"fulfilled","line":5,"loc":{"start":{"line":5,"column":8},"end":{"line":5,"column":34}}},"6":{"name":"rejected","line":6,"loc":{"start":{"line":6,"column":8},"end":{"line":6,"column":33}}},"7":{"name":"step","line":7,"loc":{"start":{"line":7,"column":8},"end":{"line":7,"column":30}}},"8":{"name":"(anonymous_8)","line":16,"loc":{"start":{"line":16,"column":32},"end":{"line":16,"column":62}}},"9":{"name":"(anonymous_9)","line":40,"loc":{"start":{"line":40,"column":25},"end":{"line":40,"column":44}}},"10":{"name":"(anonymous_10)","line":41,"loc":{"start":{"line":41,"column":47},"end":{"line":41,"column":60}}},"11":{"name":"(anonymous_11)","line":74,"loc":{"start":{"line":74,"column":38},"end":{"line":74,"column":49}}},"12":{"name":"(anonymous_12)","line":81,"loc":{"start":{"line":81,"column":24},"end":{"line":81,"column":35}}}},"statementMap":{"1":{"start":{"line":2,"column":0},"end":{"line":10,"column":2}},"2":{"start":{"line":3,"column":4},"end":{"line":3,"column":112}},"3":{"start":{"line":3,"column":28},"end":{"line":3,"column":110}},"4":{"start":{"line":3,"column":91},"end":{"line":3,"column":106}},"5":{"start":{"line":4,"column":4},"end":{"line":9,"column":7}},"6":{"start":{"line":5,"column":8},"end":{"line":5,"column":99}},"7":{"start":{"line":5,"column":36},"end":{"line":5,"column":97}},"8":{"start":{"line":5,"column":42},"end":{"line":5,"column":70}},"9":{"start":{"line":5,"column":85},"end":{"line":5,"column":95}},"10":{"start":{"line":6,"column":8},"end":{"line":6,"column":102}},"11":{"start":{"line":6,"column":35},"end":{"line":6,"column":100}},"12":{"start":{"line":6,"column":41},"end":{"line":6,"column":73}},"13":{"start":{"line":6,"column":88},"end":{"line":6,"column":98}},"14":{"start":{"line":7,"column":8},"end":{"line":7,"column":118}},"15":{"start":{"line":7,"column":32},"end":{"line":7,"column":116}},"16":{"start":{"line":8,"column":8},"end":{"line":8,"column":78}},"17":{"start":{"line":11,"column":0},"end":{"line":11,"column":62}},"18":{"start":{"line":12,"column":0},"end":{"line":12,"column":38}},"19":{"start":{"line":13,"column":0},"end":{"line":13,"column":43}},"20":{"start":{"line":14,"column":0},"end":{"line":14,"column":39}},"21":{"start":{"line":17,"column":8},"end":{"line":19,"column":9}},"22":{"start":{"line":18,"column":12},"end":{"line":18,"column":62}},"23":{"start":{"line":20,"column":8},"end":{"line":22,"column":9}},"24":{"start":{"line":21,"column":12},"end":{"line":21,"column":66}},"25":{"start":{"line":23,"column":8},"end":{"line":23,"column":50}},"26":{"start":{"line":24,"column":8},"end":{"line":24,"column":24}},"27":{"start":{"line":25,"column":8},"end":{"line":33,"column":9}},"28":{"start":{"line":26,"column":12},"end":{"line":26,"column":54}},"29":{"start":{"line":28,"column":13},"end":{"line":33,"column":9}},"30":{"start":{"line":29,"column":12},"end":{"line":29,"column":54}},"31":{"start":{"line":32,"column":12},"end":{"line":32,"column":107}},"32":{"start":{"line":34,"column":8},"end":{"line":38,"column":10}},"33":{"start":{"line":41,"column":8},"end":{"line":72,"column":11}},"34":{"start":{"line":42,"column":12},"end":{"line":45,"column":13}},"35":{"start":{"line":43,"column":16},"end":{"line":43,"column":59}},"36":{"start":{"line":44,"column":16},"end":{"line":44,"column":63}},"37":{"start":{"line":51,"column":12},"end":{"line":51,"column":45}},"38":{"start":{"line":52,"column":12},"end":{"line":52,"column":87}},"39":{"start":{"line":53,"column":12},"end":{"line":55,"column":13}},"40":{"start":{"line":54,"column":16},"end":{"line":54,"column":73}},"41":{"start":{"line":56,"column":12},"end":{"line":71,"column":13}},"42":{"start":{"line":58,"column":20},"end":{"line":58,"column":69}},"43":{"start":{"line":59,"column":20},"end":{"line":59,"column":69}},"44":{"start":{"line":60,"column":20},"end":{"line":60,"column":148}},"45":{"start":{"line":61,"column":20},"end":{"line":61,"column":26}},"46":{"start":{"line":63,"column":20},"end":{"line":63,"column":133}},"47":{"start":{"line":64,"column":20},"end":{"line":64,"column":66}},"48":{"start":{"line":65,"column":20},"end":{"line":65,"column":26}},"49":{"start":{"line":68,"column":20},"end":{"line":68,"column":26}},"50":{"start":{"line":70,"column":20},"end":{"line":70,"column":81}},"51":{"start":{"line":75,"column":8},"end":{"line":75,"column":33}},"52":{"start":{"line":76,"column":8},"end":{"line":78,"column":9}},"53":{"start":{"line":77,"column":12},"end":{"line":77,"column":107}},"54":{"start":{"line":79,"column":8},"end":{"line":79,"column":31}},"55":{"start":{"line":82,"column":8},"end":{"line":82,"column":31}},"56":{"start":{"line":83,"column":8},"end":{"line":85,"column":9}},"57":{"start":{"line":84,"column":12},"end":{"line":84,"column":57}},"58":{"start":{"line":86,"column":8},"end":{"line":86,"column":29}},"59":{"start":{"line":89,"column":0},"end":{"line":89,"column":24}}},"branchMap":{"1":{"line":2,"type":"binary-expr","locations":[{"start":{"line":2,"column":17},"end":{"line":2,"column":21}},{"start":{"line":2,"column":25},"end":{"line":2,"column":39}},{"start":{"line":2,"column":44},"end":{"line":10,"column":1}}]},"2":{"line":3,"type":"cond-expr","locations":[{"start":{"line":3,"column":56},"end":{"line":3,"column":61}},{"start":{"line":3,"column":64},"end":{"line":3,"column":109}}]},"3":{"line":4,"type":"binary-expr","locations":[{"start":{"line":4,"column":16},"end":{"line":4,"column":17}},{"start":{"line":4,"column":22},"end":{"line":4,"column":33}}]},"4":{"line":7,"type":"cond-expr","locations":[{"start":{"line":7,"column":46},"end":{"line":7,"column":67}},{"start":{"line":7,"column":70},"end":{"line":7,"column":115}}]},"5":{"line":8,"type":"binary-expr","locations":[{"start":{"line":8,"column":51},"end":{"line":8,"column":61}},{"start":{"line":8,"column":65},"end":{"line":8,"column":67}}]},"6":{"line":17,"type":"if","locations":[{"start":{"line":17,"column":8},"end":{"line":17,"column":8}},{"start":{"line":17,"column":8},"end":{"line":17,"column":8}}]},"7":{"line":20,"type":"if","locations":[{"start":{"line":20,"column":8},"end":{"line":20,"column":8}},{"start":{"line":20,"column":8},"end":{"line":20,"column":8}}]},"8":{"line":25,"type":"if","locations":[{"start":{"line":25,"column":8},"end":{"line":25,"column":8}},{"start":{"line":25,"column":8},"end":{"line":25,"column":8}}]},"9":{"line":25,"type":"binary-expr","locations":[{"start":{"line":25,"column":12},"end":{"line":25,"column":34}},{"start":{"line":25,"column":38},"end":{"line":25,"column":60}}]},"10":{"line":28,"type":"if","locations":[{"start":{"line":28,"column":13},"end":{"line":28,"column":13}},{"start":{"line":28,"column":13},"end":{"line":28,"column":13}}]},"11":{"line":42,"type":"if","locations":[{"start":{"line":42,"column":12},"end":{"line":42,"column":12}},{"start":{"line":42,"column":12},"end":{"line":42,"column":12}}]},"12":{"line":53,"type":"if","locations":[{"start":{"line":53,"column":12},"end":{"line":53,"column":12}},{"start":{"line":53,"column":12},"end":{"line":53,"column":12}}]},"13":{"line":56,"type":"switch","locations":[{"start":{"line":57,"column":16},"end":{"line":61,"column":26}},{"start":{"line":62,"column":16},"end":{"line":65,"column":26}},{"start":{"line":66,"column":16},"end":{"line":68,"column":26}},{"start":{"line":69,"column":16},"end":{"line":70,"column":81}}]},"14":{"line":76,"type":"if","locations":[{"start":{"line":76,"column":8},"end":{"line":76,"column":8}},{"start":{"line":76,"column":8},"end":{"line":76,"column":8}}]},"15":{"line":83,"type":"if","locations":[{"start":{"line":83,"column":8},"end":{"line":83,"column":8}},{"start":{"line":83,"column":8},"end":{"line":83,"column":8}}]}},"code":["\"use strict\";","var __awaiter = (this && this.__awaiter) || function (thisArg, _arguments, P, generator) {","    function adopt(value) { return value instanceof P ? value : new P(function (resolve) { resolve(value); }); }","    return new (P || (P = Promise))(function (resolve, reject) {","        function fulfilled(value) { try { step(generator.next(value)); } catch (e) { reject(e); } }","        function rejected(value) { try { step(generator[\"throw\"](value)); } catch (e) { reject(e); } }","        function step(result) { result.done ? resolve(result.value) : adopt(result.value).then(fulfilled, rejected); }","        step((generator = generator.apply(thisArg, _arguments || [])).next());","    });","};","Object.defineProperty(exports, \"__esModule\", { value: true });","const core = require(\"@actions/core\");","const constants_1 = require(\"./constants\");","const command_1 = require(\"./command\");","class OcAuth {","    static initOpenShiftEndpoint(openShiftServer, parameters) {","        if (!openShiftServer) {","            throw new Error('Invalid Openshift cluster URL.');","        }","        if (!parameters) {","            throw new Error('Invalid parameters workflow input.');","        }","        const paramsJSON = JSON.parse(parameters);","        let scheme = '';","        if (paramsJSON['username'] && paramsJSON['password']) {","            scheme = constants_1.BASIC_AUTHENTICATION;","        }","        else if (paramsJSON['apitoken']) {","            scheme = constants_1.TOKEN_AUTHENTICATION;","        }","        else {","            throw new Error('There are no sufficient parameters to authenticate to an Openshift cluster.');","        }","        return {","            serverUrl: openShiftServer,","            parameters: paramsJSON,","            scheme: scheme","        };","    }","    static loginOpenshift(endpoint, ocPath) {","        return __awaiter(this, void 0, void 0, function* () {","            if (!endpoint) {","                core.debug('Null endpoint is not allowed');","                return Promise.reject('Endpoint is not valid');","            }","            // potential values for EndpointAuthorization:","            //","            // parameters:{\"apitoken\":***}, scheme:'Token'","            // parameters:{\"username\":***,\"password\":***}, scheme:'UsernamePassword'","            // parameters:{\"kubeconfig\":***}, scheme:'None'","            const authType = endpoint.scheme;","            let useCertificateOrSkipTls = OcAuth.getCertificateAuthorityFile(endpoint);","            if (useCertificateOrSkipTls === '') {","                useCertificateOrSkipTls = OcAuth.skipTlsVerify(endpoint);","            }","            switch (authType) {","                case constants_1.BASIC_AUTHENTICATION:","                    const username = endpoint.parameters['username'];","                    const password = endpoint.parameters['password'];","                    yield command_1.Command.execute(ocPath, `login ${useCertificateOrSkipTls} -u ${username} -p ${password} ${endpoint.serverUrl}`);","                    break;","                case constants_1.TOKEN_AUTHENTICATION:","                    const args = `login ${useCertificateOrSkipTls} --token ${endpoint.parameters['apitoken']} ${endpoint.serverUrl}`;","                    yield command_1.Command.execute(ocPath, args);","                    break;","                case constants_1.NO_AUTHENTICATION:","                    // authKubeConfig(endpoint.parameters['kubeconfig'], runnerOS);","                    break;","                default:","                    throw new Error(`unknown authentication type '${authType}'`);","            }","        });","    }","    static getCertificateAuthorityFile(endpoint) {","        let certificateFile = '';","        if (endpoint.parameters['certificateAuthorityFile']) {","            certificateFile = `--certificate-authority=${endpoint.parameters['certificateAuthorityFile']}`;","        }","        return certificateFile;","    }","    static skipTlsVerify(endpoint) {","        let skipTlsVerify = '';","        if (endpoint.parameters['acceptUntrustedCerts'] === 'true') {","            skipTlsVerify = '--insecure-skip-tls-verify';","        }","        return skipTlsVerify;","    }","}","exports.OcAuth = OcAuth;",""]},"/home/luca/Public/github.com/redhat-developer/openshift-actions/lib/src/constants.js":{"path":"/home/luca/Public/github.com/redhat-developer/openshift-actions/lib/src/constants.js","s":{"1":1,"2":1,"3":1,"4":1,"5":1,"6":1,"7":1,"8":1,"9":1,"10":1,"11":1},"b":{},"f":{},"fnMap":{},"statementMap":{"1":{"start":{"line":2,"column":0},"end":{"line":2,"column":62}},"2":{"start":{"line":3,"column":0},"end":{"line":3,"column":24}},"3":{"start":{"line":4,"column":0},"end":{"line":4,"column":26}},"4":{"start":{"line":5,"column":0},"end":{"line":5,"column":24}},"5":{"start":{"line":6,"column":0},"end":{"line":6,"column":26}},"6":{"start":{"line":7,"column":0},"end":{"line":7,"column":32}},"7":{"start":{"line":8,"column":0},"end":{"line":8,"column":26}},"8":{"start":{"line":9,"column":0},"end":{"line":9,"column":52}},"9":{"start":{"line":10,"column":0},"end":{"line":10,"column":50}},"10":{"start":{"line":11,"column":0},"end":{"line":11,"column":39}},"11":{"start":{"line":12,"column":0},"end":{"line":12,"column":35}}},"branchMap":{},"code":["\"use strict\";","Object.defineProperty(exports, \"__esModule\", { value: true });","exports.LINUX = 'linux';","exports.MACOSX = 'macosx';","exports.WIN = 'windows';","exports.LATEST = 'latest';","exports.OC_TAR_GZ = 'oc.tar.gz';","exports.OC_ZIP = 'oc.zip';","exports.OPENSHIFT_SERVICE_NAME = 'openshiftService';","exports.BASIC_AUTHENTICATION = 'UsernamePassword';","exports.TOKEN_AUTHENTICATION = 'Token';","exports.NO_AUTHENTICATION = 'None';",""]},"/home/luca/Public/github.com/redhat-developer/openshift-actions/lib/src/command.js":{"path":"/home/luca/Public/github.com/redhat-developer/openshift-actions/lib/src/command.js","s":{"1":1,"2":1,"3":2,"4":0,"5":4,"6":1,"7":2,"8":2,"9":0,"10":1,"11":0,"12":0,"13":0,"14":1,"15":6,"16":4,"17":1,"18":1,"19":1,"20":1,"21":4,"22":4,"23":2,"24":2,"25":2,"26":4,"27":4,"28":4,"29":3,"30":4,"31":1},"b":{"1":[1,1,1],"2":[2,0],"3":[4,4],"4":[4,2],"5":[4,4],"6":[2,2],"7":[3,1],"8":[4,2]},"f":{"1":4,"2":2,"3":0,"4":4,"5":2,"6":0,"7":6,"8":4,"9":4,"10":4},"fnMap":{"1":{"name":"(anonymous_1)","line":2,"loc":{"start":{"line":2,"column":44},"end":{"line":2,"column":89}}},"2":{"name":"adopt","line":3,"loc":{"start":{"line":3,"column":4},"end":{"line":3,"column":26}}},"3":{"name":"(anonymous_3)","line":3,"loc":{"start":{"line":3,"column":70},"end":{"line":3,"column":89}}},"4":{"name":"(anonymous_4)","line":4,"loc":{"start":{"line":4,"column":36},"end":{"line":4,"column":63}}},"5":{"name":"fulfilled","line":5,"loc":{"start":{"line":5,"column":8},"end":{"line":5,"column":34}}},"6":{"name":"rejected","line":6,"loc":{"start":{"line":6,"column":8},"end":{"line":6,"column":33}}},"7":{"name":"step","line":7,"loc":{"start":{"line":7,"column":8},"end":{"line":7,"column":30}}},"8":{"name":"(anonymous_8)","line":16,"loc":{"start":{"line":16,"column":18},"end":{"line":16,"column":33}}},"9":{"name":"(anonymous_9)","line":17,"loc":{"start":{"line":17,"column":47},"end":{"line":17,"column":60}}},"10":{"name":"(anonymous_10)","line":25,"loc":{"start":{"line":25,"column":24},"end":{"line":25,"column":33}}}},"statementMap":{"1":{"start":{"line":2,"column":0},"end":{"line":10,"column":2}},"2":{"start":{"line":3,"column":4},"end":{"line":3,"column":112}},"3":{"start":{"line":3,"column":28},"end":{"line":3,"column":110}},"4":{"start":{"line":3,"column":91},"end":{"line":3,"column":106}},"5":{"start":{"line":4,"column":4},"end":{"line":9,"column":7}},"6":{"start":{"line":5,"column":8},"end":{"line":5,"column":99}},"7":{"start":{"line":5,"column":36},"end":{"line":5,"column":97}},"8":{"start":{"line":5,"column":42},"end":{"line":5,"column":70}},"9":{"start":{"line":5,"column":85},"end":{"line":5,"column":95}},"10":{"start":{"line":6,"column":8},"end":{"line":6,"column":102}},"11":{"start":{"line":6,"column":35},"end":{"line":6,"column":100}},"12":{"start":{"line":6,"column":41},"end":{"line":6,"column":73}},"13":{"start":{"line":6,"column":88},"end":{"line":6,"column":98}},"14":{"start":{"line":7,"column":8},"end":{"line":7,"column":118}},"15":{"start":{"line":7,"column":32},"end":{"line":7,"column":116}},"16":{"start":{"line":8,"column":8},"end":{"line":8,"column":78}},"17":{"start":{"line":11,"column":0},"end":{"line":11,"column":62}},"18":{"start":{"line":12,"column":0},"end":{"line":12,"column":38}},"19":{"start":{"line":13,"column":0},"end":{"line":13,"column":36}},"20":{"start":{"line":14,"column":0},"end":{"line":14,"column":35}},"21":{"start":{"line":17,"column":8},"end":{"line":23,"column":11}},"22":{"start":{"line":18,"column":12},"end":{"line":20,"column":13}},"23":{"start":{"line":19,"column":16},"end":{"line":19,"column":66}},"24":{"start":{"line":21,"column":12},"end":{"line":21,"column":56}},"25":{"start":{"line":22,"column":12},"end":{"line":22,"column":59}},"26":{"start":{"line":26,"column":8},"end":{"line":26,"column":58}},"27":{"start":{"line":27,"column":8},"end":{"line":27,"column":43}},"28":{"start":{"line":28,"column":8},"end":{"line":30,"column":9}},"29":{"start":{"line":29,"column":12},"end":{"line":29,"column":33}},"30":{"start":{"line":31,"column":8},"end":{"line":31,"column":30}},"31":{"start":{"line":34,"column":0},"end":{"line":34,"column":26}}},"branchMap":{"1":{"line":2,"type":"binary-expr","locations":[{"start":{"line":2,"column":17},"end":{"line":2,"column":21}},{"start":{"line":2,"column":25},"end":{"line":2,"column":39}},{"start":{"line":2,"column":44},"end":{"line":10,"column":1}}]},"2":{"line":3,"type":"cond-expr","locations":[{"start":{"line":3,"column":56},"end":{"line":3,"column":61}},{"start":{"line":3,"column":64},"end":{"line":3,"column":109}}]},"3":{"line":4,"type":"binary-expr","locations":[{"start":{"line":4,"column":16},"end":{"line":4,"column":17}},{"start":{"line":4,"column":22},"end":{"line":4,"column":33}}]},"4":{"line":7,"type":"cond-expr","locations":[{"start":{"line":7,"column":46},"end":{"line":7,"column":67}},{"start":{"line":7,"column":70},"end":{"line":7,"column":115}}]},"5":{"line":8,"type":"binary-expr","locations":[{"start":{"line":8,"column":51},"end":{"line":8,"column":61}},{"start":{"line":8,"column":65},"end":{"line":8,"column":67}}]},"6":{"line":18,"type":"if","locations":[{"start":{"line":18,"column":12},"end":{"line":18,"column":12}},{"start":{"line":18,"column":12},"end":{"line":18,"column":12}}]},"7":{"line":28,"type":"if","locations":[{"start":{"line":28,"column":8},"end":{"line":28,"column":8}},{"start":{"line":28,"column":8},"end":{"line":28,"column":8}}]},"8":{"line":28,"type":"binary-expr","locations":[{"start":{"line":28,"column":12},"end":{"line":28,"column":28}},{"start":{"line":28,"column":32},"end":{"line":28,"column":52}}]}},"code":["\"use strict\";","var __awaiter = (this && this.__awaiter) || function (thisArg, _arguments, P, generator) {","    function adopt(value) { return value instanceof P ? value : new P(function (resolve) { resolve(value); }); }","    return new (P || (P = Promise))(function (resolve, reject) {","        function fulfilled(value) { try { step(generator.next(value)); } catch (e) { reject(e); } }","        function rejected(value) { try { step(generator[\"throw\"](value)); } catch (e) { reject(e); } }","        function step(result) { result.done ? resolve(result.value) : adopt(result.value).then(fulfilled, rejected); }","        step((generator = generator.apply(thisArg, _arguments || [])).next());","    });","};","Object.defineProperty(exports, \"__esModule\", { value: true });","const exec = require(\"@actions/exec\");","const split = require(\"argv-split\");","const sub = require(\"substituter\");","class Command {","    static execute(ocPath, args) {","        return __awaiter(this, void 0, void 0, function* () {","            if (!ocPath) {","                return Promise.reject('Unable to find oc bundle');","            }","            const cmdArgs = Command.prepareOcArgs(args);","            return yield exec.exec(`${ocPath} ${cmdArgs}`);","        });","    }","    static prepareOcArgs(ocArgs) {","        const interpolatedArgs = sub(ocArgs, process.env);","        let args = split(interpolatedArgs);","        if (args[0] === 'oc' || args[0] === 'oc.exe') {","            args = args.slice(1);","        }","        return args.join(' ');","    }","}","exports.Command = Command;",""]},"/home/luca/Public/github.com/redhat-developer/openshift-actions/lib/src/installer.js":{"path":"/home/luca/Public/github.com/redhat-developer/openshift-actions/lib/src/installer.js","s":{"1":1,"2":1,"3":32,"4":0,"5":23,"6":1,"7":32,"8":32,"9":0,"10":1,"11":0,"12":0,"13":0,"14":1,"15":55,"16":23,"17":1,"18":1,"19":1,"20":1,"21":1,"22":1,"23":1,"24":1,"25":4,"26":4,"27":1,"28":3,"29":3,"30":1,"31":2,"32":3,"33":3,"34":6,"35":6,"36":1,"37":5,"38":5,"39":5,"40":5,"41":2,"42":2,"43":3,"44":3,"45":5,"46":1,"47":4,"48":4,"49":6,"50":6,"51":6,"52":1,"53":1,"54":5,"55":5,"56":5,"57":1,"58":1,"59":4,"60":4,"61":4,"62":1,"63":3,"64":2,"65":1,"66":1,"67":3,"68":3,"69":1,"70":1,"71":2,"72":2,"73":2,"74":2,"75":2,"76":2,"77":1,"78":1,"79":1,"80":1,"81":1,"82":1,"83":4,"84":4,"85":4,"86":1,"87":1,"88":1,"89":1,"90":1,"91":1,"92":1,"93":3,"94":1,"95":1,"96":1,"97":1,"98":1},"b":{"1":[1,1,1],"2":[32,0],"3":[23,23],"4":[23,32],"5":[23,23],"6":[1,3],"7":[1,2],"8":[1,5],"9":[2,3],"10":[1,4],"11":[1,5],"12":[1,4],"13":[5,4],"14":[1,3],"15":[2,1],"16":[1,2],"17":[1,1],"18":[1,1,1,1],"19":[1,0]},"f":{"1":23,"2":32,"3":0,"4":23,"5":32,"6":0,"7":55,"8":4,"9":4,"10":6,"11":6,"12":6,"13":6,"14":2,"15":2,"16":4,"17":4,"18":1,"19":1},"fnMap":{"1":{"name":"(anonymous_1)","line":2,"loc":{"start":{"line":2,"column":44},"end":{"line":2,"column":89}}},"2":{"name":"adopt","line":3,"loc":{"start":{"line":3,"column":4},"end":{"line":3,"column":26}}},"3":{"name":"(anonymous_3)","line":3,"loc":{"start":{"line":3,"column":70},"end":{"line":3,"column":89}}},"4":{"name":"(anonymous_4)","line":4,"loc":{"start":{"line":4,"column":36},"end":{"line":4,"column":63}}},"5":{"name":"fulfilled","line":5,"loc":{"start":{"line":5,"column":8},"end":{"line":5,"column":34}}},"6":{"name":"rejected","line":6,"loc":{"start":{"line":6,"column":8},"end":{"line":6,"column":33}}},"7":{"name":"step","line":7,"loc":{"start":{"line":7,"column":8},"end":{"line":7,"column":30}}},"8":{"name":"(anonymous_8)","line":20,"loc":{"start":{"line":20,"column":20},"end":{"line":20,"column":40}}},"9":{"name":"(anonymous_9)","line":21,"loc":{"start":{"line":21,"column":47},"end":{"line":21,"column":60}}},"10":{"name":"(anonymous_10)","line":36,"loc":{"start":{"line":36,"column":29},"end":{"line":36,"column":45}}},"11":{"name":"(anonymous_11)","line":37,"loc":{"start":{"line":37,"column":47},"end":{"line":37,"column":60}}},"12":{"name":"(anonymous_12)","line":61,"loc":{"start":{"line":61,"column":25},"end":{"line":61,"column":45}}},"13":{"name":"(anonymous_13)","line":62,"loc":{"start":{"line":62,"column":47},"end":{"line":62,"column":60}}},"14":{"name":"(anonymous_14)","line":97,"loc":{"start":{"line":97,"column":17},"end":{"line":97,"column":28}}},"15":{"name":"(anonymous_15)","line":98,"loc":{"start":{"line":98,"column":47},"end":{"line":98,"column":60}}},"16":{"name":"(anonymous_16)","line":110,"loc":{"start":{"line":110,"column":26},"end":{"line":110,"column":37}}},"17":{"name":"(anonymous_17)","line":111,"loc":{"start":{"line":111,"column":47},"end":{"line":111,"column":60}}},"18":{"name":"(anonymous_18)","line":134,"loc":{"start":{"line":134,"column":21},"end":{"line":134,"column":24}}},"19":{"name":"(anonymous_19)","line":135,"loc":{"start":{"line":135,"column":47},"end":{"line":135,"column":60}}}},"statementMap":{"1":{"start":{"line":2,"column":0},"end":{"line":10,"column":2}},"2":{"start":{"line":3,"column":4},"end":{"line":3,"column":112}},"3":{"start":{"line":3,"column":28},"end":{"line":3,"column":110}},"4":{"start":{"line":3,"column":91},"end":{"line":3,"column":106}},"5":{"start":{"line":4,"column":4},"end":{"line":9,"column":7}},"6":{"start":{"line":5,"column":8},"end":{"line":5,"column":99}},"7":{"start":{"line":5,"column":36},"end":{"line":5,"column":97}},"8":{"start":{"line":5,"column":42},"end":{"line":5,"column":70}},"9":{"start":{"line":5,"column":85},"end":{"line":5,"column":95}},"10":{"start":{"line":6,"column":8},"end":{"line":6,"column":102}},"11":{"start":{"line":6,"column":35},"end":{"line":6,"column":100}},"12":{"start":{"line":6,"column":41},"end":{"line":6,"column":73}},"13":{"start":{"line":6,"column":88},"end":{"line":6,"column":98}},"14":{"start":{"line":7,"column":8},"end":{"line":7,"column":118}},"15":{"start":{"line":7,"column":32},"end":{"line":7,"column":116}},"16":{"start":{"line":8,"column":8},"end":{"line":8,"column":78}},"17":{"start":{"line":11,"column":0},"end":{"line":11,"column":62}},"18":{"start":{"line":12,"column":0},"end":{"line":12,"column":38}},"19":{"start":{"line":13,"column":0},"end":{"line":13,"column":50}},"20":{"start":{"line":14,"column":0},"end":{"line":14,"column":42}},"21":{"start":{"line":15,"column":0},"end":{"line":15,"column":43}},"22":{"start":{"line":16,"column":0},"end":{"line":16,"column":28}},"23":{"start":{"line":17,"column":0},"end":{"line":17,"column":29}},"24":{"start":{"line":18,"column":0},"end":{"line":18,"column":38}},"25":{"start":{"line":21,"column":8},"end":{"line":34,"column":11}},"26":{"start":{"line":22,"column":12},"end":{"line":24,"column":13}},"27":{"start":{"line":23,"column":16},"end":{"line":23,"column":134}},"28":{"start":{"line":25,"column":12},"end":{"line":25,"column":25}},"29":{"start":{"line":26,"column":12},"end":{"line":31,"column":13}},"30":{"start":{"line":27,"column":16},"end":{"line":27,"column":30}},"31":{"start":{"line":30,"column":16},"end":{"line":30,"column":72}},"32":{"start":{"line":32,"column":12},"end":{"line":32,"column":46}},"33":{"start":{"line":33,"column":12},"end":{"line":33,"column":69}},"34":{"start":{"line":37,"column":8},"end":{"line":59,"column":11}},"35":{"start":{"line":38,"column":12},"end":{"line":40,"column":13}},"36":{"start":{"line":39,"column":16},"end":{"line":39,"column":78}},"37":{"start":{"line":41,"column":12},"end":{"line":41,"column":33}},"38":{"start":{"line":42,"column":12},"end":{"line":42,"column":61}},"39":{"start":{"line":43,"column":12},"end":{"line":43,"column":25}},"40":{"start":{"line":44,"column":12},"end":{"line":51,"column":13}},"41":{"start":{"line":45,"column":16},"end":{"line":45,"column":65}},"42":{"start":{"line":46,"column":16},"end":{"line":46,"column":60}},"43":{"start":{"line":49,"column":16},"end":{"line":49,"column":65}},"44":{"start":{"line":50,"column":16},"end":{"line":50,"column":56}},"45":{"start":{"line":52,"column":12},"end":{"line":58,"column":13}},"46":{"start":{"line":53,"column":16},"end":{"line":53,"column":82}},"47":{"start":{"line":56,"column":16},"end":{"line":56,"column":47}},"48":{"start":{"line":57,"column":16},"end":{"line":57,"column":32}},"49":{"start":{"line":62,"column":8},"end":{"line":95,"column":11}},"50":{"start":{"line":63,"column":12},"end":{"line":63,"column":25}},"51":{"start":{"line":64,"column":12},"end":{"line":67,"column":13}},"52":{"start":{"line":65,"column":16},"end":{"line":65,"column":55}},"53":{"start":{"line":66,"column":16},"end":{"line":66,"column":27}},"54":{"start":{"line":69,"column":12},"end":{"line":69,"column":50}},"55":{"start":{"line":70,"column":12},"end":{"line":70,"column":50}},"56":{"start":{"line":71,"column":12},"end":{"line":74,"column":13}},"57":{"start":{"line":72,"column":16},"end":{"line":72,"column":61}},"58":{"start":{"line":73,"column":16},"end":{"line":73,"column":28}},"59":{"start":{"line":75,"column":12},"end":{"line":75,"column":43}},"60":{"start":{"line":76,"column":12},"end":{"line":76,"column":57}},"61":{"start":{"line":77,"column":12},"end":{"line":86,"column":13}},"62":{"start":{"line":78,"column":16},"end":{"line":78,"column":66}},"63":{"start":{"line":80,"column":17},"end":{"line":86,"column":13}},"64":{"start":{"line":81,"column":16},"end":{"line":81,"column":66}},"65":{"start":{"line":84,"column":16},"end":{"line":84,"column":46}},"66":{"start":{"line":85,"column":16},"end":{"line":85,"column":28}},"67":{"start":{"line":87,"column":12},"end":{"line":87,"column":69}},"68":{"start":{"line":88,"column":12},"end":{"line":91,"column":13}},"69":{"start":{"line":89,"column":16},"end":{"line":89,"column":56}},"70":{"start":{"line":90,"column":16},"end":{"line":90,"column":28}},"71":{"start":{"line":92,"column":12},"end":{"line":92,"column":26}},"72":{"start":{"line":93,"column":12},"end":{"line":93,"column":46}},"73":{"start":{"line":94,"column":12},"end":{"line":94,"column":23}},"74":{"start":{"line":98,"column":8},"end":{"line":108,"column":11}},"75":{"start":{"line":99,"column":12},"end":{"line":99,"column":69}},"76":{"start":{"line":100,"column":12},"end":{"line":103,"column":13}},"77":{"start":{"line":101,"column":16},"end":{"line":101,"column":56}},"78":{"start":{"line":102,"column":16},"end":{"line":102,"column":28}},"79":{"start":{"line":104,"column":12},"end":{"line":104,"column":57}},"80":{"start":{"line":105,"column":12},"end":{"line":105,"column":88}},"81":{"start":{"line":106,"column":12},"end":{"line":106,"column":59}},"82":{"start":{"line":107,"column":12},"end":{"line":107,"column":23}},"83":{"start":{"line":111,"column":8},"end":{"line":132,"column":11}},"84":{"start":{"line":112,"column":12},"end":{"line":112,"column":25}},"85":{"start":{"line":114,"column":12},"end":{"line":130,"column":13}},"86":{"start":{"line":116,"column":20},"end":{"line":116,"column":75}},"87":{"start":{"line":117,"column":20},"end":{"line":117,"column":26}},"88":{"start":{"line":120,"column":20},"end":{"line":120,"column":76}},"89":{"start":{"line":121,"column":20},"end":{"line":121,"column":26}},"90":{"start":{"line":124,"column":20},"end":{"line":124,"column":70}},"91":{"start":{"line":125,"column":20},"end":{"line":125,"column":26}},"92":{"start":{"line":128,"column":20},"end":{"line":128,"column":32}},"93":{"start":{"line":131,"column":12},"end":{"line":131,"column":23}},"94":{"start":{"line":135,"column":8},"end":{"line":139,"column":11}},"95":{"start":{"line":136,"column":12},"end":{"line":136,"column":68}},"96":{"start":{"line":137,"column":12},"end":{"line":137,"column":85}},"97":{"start":{"line":138,"column":12},"end":{"line":138,"column":39}},"98":{"start":{"line":142,"column":0},"end":{"line":142,"column":30}}},"branchMap":{"1":{"line":2,"type":"binary-expr","locations":[{"start":{"line":2,"column":17},"end":{"line":2,"column":21}},{"start":{"line":2,"column":25},"end":{"line":2,"column":39}},{"start":{"line":2,"column":44},"end":{"line":10,"column":1}}]},"2":{"line":3,"type":"cond-expr","locations":[{"start":{"line":3,"column":56},"end":{"line":3,"column":61}},{"start":{"line":3,"column":64},"end":{"line":3,"column":109}}]},"3":{"line":4,"type":"binary-expr","locations":[{"start":{"line":4,"column":16},"end":{"line":4,"column":17}},{"start":{"line":4,"column":22},"end":{"line":4,"column":33}}]},"4":{"line":7,"type":"cond-expr","locations":[{"start":{"line":7,"column":46},"end":{"line":7,"column":67}},{"start":{"line":7,"column":70},"end":{"line":7,"column":115}}]},"5":{"line":8,"type":"binary-expr","locations":[{"start":{"line":8,"column":51},"end":{"line":8,"column":61}},{"start":{"line":8,"column":65},"end":{"line":8,"column":67}}]},"6":{"line":22,"type":"if","locations":[{"start":{"line":22,"column":12},"end":{"line":22,"column":12}},{"start":{"line":22,"column":12},"end":{"line":22,"column":12}}]},"7":{"line":26,"type":"if","locations":[{"start":{"line":26,"column":12},"end":{"line":26,"column":12}},{"start":{"line":26,"column":12},"end":{"line":26,"column":12}}]},"8":{"line":38,"type":"if","locations":[{"start":{"line":38,"column":12},"end":{"line":38,"column":12}},{"start":{"line":38,"column":12},"end":{"line":38,"column":12}}]},"9":{"line":44,"type":"if","locations":[{"start":{"line":44,"column":12},"end":{"line":44,"column":12}},{"start":{"line":44,"column":12},"end":{"line":44,"column":12}}]},"10":{"line":52,"type":"if","locations":[{"start":{"line":52,"column":12},"end":{"line":52,"column":12}},{"start":{"line":52,"column":12},"end":{"line":52,"column":12}}]},"11":{"line":64,"type":"if","locations":[{"start":{"line":64,"column":12},"end":{"line":64,"column":12}},{"start":{"line":64,"column":12},"end":{"line":64,"column":12}}]},"12":{"line":71,"type":"if","locations":[{"start":{"line":71,"column":12},"end":{"line":71,"column":12}},{"start":{"line":71,"column":12},"end":{"line":71,"column":12}}]},"13":{"line":71,"type":"binary-expr","locations":[{"start":{"line":71,"column":16},"end":{"line":71,"column":28}},{"start":{"line":71,"column":32},"end":{"line":71,"column":56}}]},"14":{"line":77,"type":"if","locations":[{"start":{"line":77,"column":12},"end":{"line":77,"column":12}},{"start":{"line":77,"column":12},"end":{"line":77,"column":12}}]},"15":{"line":80,"type":"if","locations":[{"start":{"line":80,"column":17},"end":{"line":80,"column":17}},{"start":{"line":80,"column":17},"end":{"line":80,"column":17}}]},"16":{"line":88,"type":"if","locations":[{"start":{"line":88,"column":12},"end":{"line":88,"column":12}},{"start":{"line":88,"column":12},"end":{"line":88,"column":12}}]},"17":{"line":100,"type":"if","locations":[{"start":{"line":100,"column":12},"end":{"line":100,"column":12}},{"start":{"line":100,"column":12},"end":{"line":100,"column":12}}]},"18":{"line":114,"type":"switch","locations":[{"start":{"line":115,"column":16},"end":{"line":118,"column":17}},{"start":{"line":119,"column":16},"end":{"line":122,"column":17}},{"start":{"line":123,"column":16},"end":{"line":126,"column":17}},{"start":{"line":127,"column":16},"end":{"line":129,"column":17}}]},"19":{"line":136,"type":"binary-expr","locations":[{"start":{"line":136,"column":30},"end":{"line":136,"column":61}},{"start":{"line":136,"column":65},"end":{"line":136,"column":67}}]}},"code":["\"use strict\";","var __awaiter = (this && this.__awaiter) || function (thisArg, _arguments, P, generator) {","    function adopt(value) { return value instanceof P ? value : new P(function (resolve) { resolve(value); }); }","    return new (P || (P = Promise))(function (resolve, reject) {","        function fulfilled(value) { try { step(generator.next(value)); } catch (e) { reject(e); } }","        function rejected(value) { try { step(generator[\"throw\"](value)); } catch (e) { reject(e); } }","        function step(result) { result.done ? resolve(result.value) : adopt(result.value).then(fulfilled, rejected); }","        step((generator = generator.apply(thisArg, _arguments || [])).next());","    });","};","Object.defineProperty(exports, \"__esModule\", { value: true });","const core = require(\"@actions/core\");","const ioUtil = require(\"@actions/io/lib/io-util\");","const tc = require(\"@actions/tool-cache\");","const constants_1 = require(\"./constants\");","const fs = require(\"mz/fs\");","const path = require(\"path\");","const validUrl = require(\"valid-url\");","class Installer {","    static installOc(version, runnerOS) {","        return __awaiter(this, void 0, void 0, function* () {","            if (!version) {","                return Promise.reject('Invalid version input. Provide a valid version number or url where to download an oc bundle.');","            }","            let url = '';","            if (validUrl.isWebUri(version)) {","                url = version;","            }","            else {","                url = yield Installer.getOcBundleUrl(version, runnerOS);","            }","            core.debug(`downloading: ${url}`);","            return yield Installer.downloadAndExtract(url, runnerOS);","        });","    }","    static downloadAndExtract(url, runnerOS) {","        return __awaiter(this, void 0, void 0, function* () {","            if (!url) {","                return Promise.reject('Unable to determine oc download URL.');","            }","            let downloadDir = '';","            const pathOcArchive = yield tc.downloadTool(url);","            let ocBinary;","            if (runnerOS === 'Windows') {","                downloadDir = yield tc.extractZip(pathOcArchive);","                ocBinary = path.join(downloadDir, 'oc.exe');","            }","            else {","                downloadDir = yield tc.extractTar(pathOcArchive);","                ocBinary = path.join(downloadDir, 'oc');","            }","            if (!(yield ioUtil.exists(ocBinary))) {","                return Promise.reject('Unable to download or extract oc binary.');","            }","            else {","                fs.chmodSync(ocBinary, '0755');","                return ocBinary;","            }","        });","    }","    static getOcBundleUrl(version, runnerOS) {","        return __awaiter(this, void 0, void 0, function* () {","            let url = '';","            if (version === 'latest') {","                url = yield Installer.latest(runnerOS);","                return url;","            }","            // determine the base_url based on version","            const reg = new RegExp('\\\\d+(?=\\\\.)');","            const vMajorRegEx = reg.exec(version);","            if (!vMajorRegEx || vMajorRegEx.length === 0) {","                core.debug('Error retrieving version major');","                return null;","            }","            const vMajor = +vMajorRegEx[0];","            const ocUtils = yield Installer.getOcUtils();","            if (vMajor === 3) {","                url = `${ocUtils.openshiftV3BaseUrl}/${version}/`;","            }","            else if (vMajor === 4) {","                url = `${ocUtils.openshiftV4BaseUrl}/${version}/`;","            }","            else {","                core.debug('Invalid version');","                return null;","            }","            const bundle = yield Installer.getOcBundleByOS(runnerOS);","            if (!bundle) {","                core.debug('Unable to find bundle url');","                return null;","            }","            url += bundle;","            core.debug(`archive URL: ${url}`);","            return url;","        });","    }","    static latest(runnerOS) {","        return __awaiter(this, void 0, void 0, function* () {","            const bundle = yield Installer.getOcBundleByOS(runnerOS);","            if (!bundle) {","                core.debug('Unable to find bundle url');","                return null;","            }","            const ocUtils = yield Installer.getOcUtils();","            const url = `${ocUtils.openshiftV4BaseUrl}/${constants_1.LATEST}/${bundle}`;","            core.debug(`latest stable oc version: ${url}`);","            return url;","        });","    }","    static getOcBundleByOS(runnerOS) {","        return __awaiter(this, void 0, void 0, function* () {","            let url = '';","            // determine the bundle path based on the OS type","            switch (runnerOS) {","                case 'Linux': {","                    url += `${constants_1.LINUX}/${constants_1.OC_TAR_GZ}`;","                    break;","                }","                case 'macOS': {","                    url += `${constants_1.MACOSX}/${constants_1.OC_TAR_GZ}`;","                    break;","                }","                case 'Windows': {","                    url += `${constants_1.WIN}/${constants_1.OC_ZIP}`;","                    break;","                }","                default: {","                    return null;","                }","            }","            return url;","        });","    }","    static getOcUtils() {","        return __awaiter(this, void 0, void 0, function* () {","            const workspace = process.env['GITHUB_WORKSPACE'] || '';","            const rawData = yield fs.readFile(path.join(workspace, 'oc-utils.json'));","            return JSON.parse(rawData);","        });","    }","}","exports.Installer = Installer;",""]},"/home/luca/Public/github.com/redhat-developer/openshift-actions/lib/src/ocExec.js":{"path":"/home/luca/Public/github.com/redhat-developer/openshift-actions/lib/src/ocExec.js","s":{"1":0,"2":0,"3":0,"4":0,"5":0,"6":0,"7":0,"8":0,"9":0,"10":0,"11":0,"12":0,"13":0,"14":0,"15":0,"16":0,"17":0,"18":0,"19":0,"20":0,"21":0,"22":0,"23":0,"24":0,"25":0,"26":0,"27":0,"28":0,"29":0,"30":0,"31":0,"32":0,"33":0,"34":0,"35":0,"36":0,"37":0,"38":0,"39":0,"40":0,"41":0,"42":0},"b":{"1":[0,0,0],"2":[0,0],"3":[0,0],"4":[0,0],"5":[0,0],"6":[0,0],"7":[0,0]},"f":{"1":0,"2":0,"3":0,"4":0,"5":0,"6":0,"7":0,"8":0,"9":0},"fnMap":{"1":{"name":"(anonymous_1)","line":2,"loc":{"start":{"line":2,"column":44},"end":{"line":2,"column":89}}},"2":{"name":"adopt","line":3,"loc":{"start":{"line":3,"column":4},"end":{"line":3,"column":26}}},"3":{"name":"(anonymous_3)","line":3,"loc":{"start":{"line":3,"column":70},"end":{"line":3,"column":89}}},"4":{"name":"(anonymous_4)","line":4,"loc":{"start":{"line":4,"column":36},"end":{"line":4,"column":63}}},"5":{"name":"fulfilled","line":5,"loc":{"start":{"line":5,"column":8},"end":{"line":5,"column":34}}},"6":{"name":"rejected","line":6,"loc":{"start":{"line":6,"column":8},"end":{"line":6,"column":33}}},"7":{"name":"step","line":7,"loc":{"start":{"line":7,"column":8},"end":{"line":7,"column":30}}},"8":{"name":"run","line":16,"loc":{"start":{"line":16,"column":0},"end":{"line":16,"column":15}}},"9":{"name":"(anonymous_9)","line":17,"loc":{"start":{"line":17,"column":43},"end":{"line":17,"column":56}}}},"statementMap":{"1":{"start":{"line":2,"column":0},"end":{"line":10,"column":2}},"2":{"start":{"line":3,"column":4},"end":{"line":3,"column":112}},"3":{"start":{"line":3,"column":28},"end":{"line":3,"column":110}},"4":{"start":{"line":3,"column":91},"end":{"line":3,"column":106}},"5":{"start":{"line":4,"column":4},"end":{"line":9,"column":7}},"6":{"start":{"line":5,"column":8},"end":{"line":5,"column":99}},"7":{"start":{"line":5,"column":36},"end":{"line":5,"column":97}},"8":{"start":{"line":5,"column":42},"end":{"line":5,"column":70}},"9":{"start":{"line":5,"column":85},"end":{"line":5,"column":95}},"10":{"start":{"line":6,"column":8},"end":{"line":6,"column":102}},"11":{"start":{"line":6,"column":35},"end":{"line":6,"column":100}},"12":{"start":{"line":6,"column":41},"end":{"line":6,"column":73}},"13":{"start":{"line":6,"column":88},"end":{"line":6,"column":98}},"14":{"start":{"line":7,"column":8},"end":{"line":7,"column":118}},"15":{"start":{"line":7,"column":32},"end":{"line":7,"column":116}},"16":{"start":{"line":8,"column":8},"end":{"line":8,"column":78}},"17":{"start":{"line":11,"column":0},"end":{"line":11,"column":62}},"18":{"start":{"line":12,"column":0},"end":{"line":12,"column":38}},"19":{"start":{"line":13,"column":0},"end":{"line":13,"column":33}},"20":{"start":{"line":14,"column":0},"end":{"line":14,"column":39}},"21":{"start":{"line":15,"column":0},"end":{"line":15,"column":43}},"22":{"start":{"line":16,"column":0},"end":{"line":40,"column":1}},"23":{"start":{"line":17,"column":4},"end":{"line":39,"column":7}},"24":{"start":{"line":18,"column":8},"end":{"line":18,"column":67}},"25":{"start":{"line":19,"column":8},"end":{"line":19,"column":55}},"26":{"start":{"line":20,"column":8},"end":{"line":20,"column":49}},"27":{"start":{"line":21,"column":8},"end":{"line":21,"column":42}},"28":{"start":{"line":22,"column":8},"end":{"line":22,"column":50}},"29":{"start":{"line":23,"column":8},"end":{"line":23,"column":28}},"30":{"start":{"line":24,"column":8},"end":{"line":24,"column":29}},"31":{"start":{"line":25,"column":8},"end":{"line":25,"column":47}},"32":{"start":{"line":26,"column":8},"end":{"line":28,"column":9}},"33":{"start":{"line":27,"column":12},"end":{"line":27,"column":100}},"34":{"start":{"line":29,"column":8},"end":{"line":29,"column":38}},"35":{"start":{"line":30,"column":8},"end":{"line":30,"column":80}},"36":{"start":{"line":31,"column":8},"end":{"line":33,"column":9}},"37":{"start":{"line":32,"column":12},"end":{"line":32,"column":50}},"38":{"start":{"line":34,"column":8},"end":{"line":34,"column":87}},"39":{"start":{"line":35,"column":8},"end":{"line":35,"column":61}},"40":{"start":{"line":36,"column":8},"end":{"line":38,"column":9}},"41":{"start":{"line":37,"column":12},"end":{"line":37,"column":57}},"42":{"start":{"line":41,"column":0},"end":{"line":41,"column":28}}},"branchMap":{"1":{"line":2,"type":"binary-expr","locations":[{"start":{"line":2,"column":17},"end":{"line":2,"column":21}},{"start":{"line":2,"column":25},"end":{"line":2,"column":39}},{"start":{"line":2,"column":44},"end":{"line":10,"column":1}}]},"2":{"line":3,"type":"cond-expr","locations":[{"start":{"line":3,"column":56},"end":{"line":3,"column":61}},{"start":{"line":3,"column":64},"end":{"line":3,"column":109}}]},"3":{"line":4,"type":"binary-expr","locations":[{"start":{"line":4,"column":16},"end":{"line":4,"column":17}},{"start":{"line":4,"column":22},"end":{"line":4,"column":33}}]},"4":{"line":7,"type":"cond-expr","locations":[{"start":{"line":7,"column":46},"end":{"line":7,"column":67}},{"start":{"line":7,"column":70},"end":{"line":7,"column":115}}]},"5":{"line":8,"type":"binary-expr","locations":[{"start":{"line":8,"column":51},"end":{"line":8,"column":61}},{"start":{"line":8,"column":65},"end":{"line":8,"column":67}}]},"6":{"line":26,"type":"if","locations":[{"start":{"line":26,"column":8},"end":{"line":26,"column":8}},{"start":{"line":26,"column":8},"end":{"line":26,"column":8}}]},"7":{"line":31,"type":"if","locations":[{"start":{"line":31,"column":8},"end":{"line":31,"column":8}},{"start":{"line":31,"column":8},"end":{"line":31,"column":8}}]}},"code":["\"use strict\";","var __awaiter = (this && this.__awaiter) || function (thisArg, _arguments, P, generator) {","    function adopt(value) { return value instanceof P ? value : new P(function (resolve) { resolve(value); }); }","    return new (P || (P = Promise))(function (resolve, reject) {","        function fulfilled(value) { try { step(generator.next(value)); } catch (e) { reject(e); } }","        function rejected(value) { try { step(generator[\"throw\"](value)); } catch (e) { reject(e); } }","        function step(result) { result.done ? resolve(result.value) : adopt(result.value).then(fulfilled, rejected); }","        step((generator = generator.apply(thisArg, _arguments || [])).next());","    });","};","Object.defineProperty(exports, \"__esModule\", { value: true });","const core = require(\"@actions/core\");","const auth_1 = require(\"./auth\");","const command_1 = require(\"./command\");","const installer_1 = require(\"./installer\");","function run() {","    return __awaiter(this, void 0, void 0, function* () {","        const openShiftUrl = core.getInput('openshift_server_url');","        const parameters = core.getInput('parameters');","        const version = core.getInput('version');","        const args = core.getInput('cmd');","        const runnerOS = process.env['RUNNER_OS'];","        core.debug(version);","        core.debug(runnerOS);","        core.debug(process.env['RUNNER_TEMP']);","        if (!args) {","            return Promise.reject('Invalid cmd input. Insert at least one command to be executed.');","        }","        const cmds = args.split('\\n');","        const ocPath = yield installer_1.Installer.installOc(version, runnerOS);","        if (ocPath === null) {","            throw new Error('no oc binary found');","        }","        const endpoint = auth_1.OcAuth.initOpenShiftEndpoint(openShiftUrl, parameters);","        yield auth_1.OcAuth.loginOpenshift(endpoint, ocPath);","        for (const cmd of cmds) {","            yield command_1.Command.execute(ocPath, cmd);","        }","    });","}","run().catch(core.setFailed);",""]}}